\BOOKMARK [1][-]{section*.1}{\376\377\000A\000b\000s\000t\000r\000a\000c\000t}{}% 1
\BOOKMARK [1][-]{section.1}{\376\377\0001\000\040\000I\000n\000t\000r\000o\000d\000u\000c\000t\000i\000o\000n}{}% 2
\BOOKMARK [2][-]{subsection.1.1}{\376\377\0001\000.\0001\000\040\000T\000h\000e\000\040\000F\000r\000a\000m\000e\000\040\000R\000u\000l\000e\000\040\000a\000n\000d\000\040\000I\000t\000s\000\040\000Q\000u\000a\000n\000t\000i\000t\000a\000t\000i\000v\000e\000\040\000R\000e\000l\000a\000t\000i\000v\000e\000s}{section.1}% 3
\BOOKMARK [2][-]{subsection.1.2}{\376\377\0001\000.\0002\000\040\000E\000x\000i\000s\000t\000i\000n\000g\000\040\000R\000e\000s\000p\000o\000n\000s\000e\000s\000\040\000a\000n\000d\000\040\000T\000h\000e\000i\000r\000\040\000L\000i\000m\000i\000t\000a\000t\000i\000o\000n\000s}{section.1}% 4
\BOOKMARK [2][-]{subsection.1.3}{\376\377\0001\000.\0003\000\040\000T\000h\000i\000s\000\040\000P\000a\000p\000e\000r\000:\000\040\000T\000h\000e\000\040\000I\000n\000t\000e\000r\000f\000e\000r\000e\000n\000c\000e\000\040\000C\000o\000c\000y\000c\000l\000e}{section.1}% 5
\BOOKMARK [2][-]{subsection.1.4}{\376\377\0001\000.\0004\000\040\000S\000u\000m\000m\000a\000r\000y\000\040\000o\000f\000\040\000C\000o\000n\000t\000r\000i\000b\000u\000t\000i\000o\000n\000s}{section.1}% 6
\BOOKMARK [2][-]{subsection.1.5}{\376\377\0001\000.\0005\000\040\000N\000o\000t\000a\000t\000i\000o\000n\000\040\000S\000u\000m\000m\000a\000r\000y}{section.1}% 7
\BOOKMARK [2][-]{subsection.1.6}{\376\377\0001\000.\0006\000\040\000S\000e\000p\000a\000r\000a\000t\000i\000o\000n\000\040\000A\000l\000g\000e\000b\000r\000a\000s}{section.1}% 8
\BOOKMARK [2][-]{subsection.1.7}{\376\377\0001\000.\0007\000\040\000H\000o\000c\000h\000s\000c\000h\000i\000l\000d\000\040\000C\000o\000h\000o\000m\000o\000l\000o\000g\000y\000\040\000o\000f\000\040\000M\000o\000n\000o\000i\000d\000s}{section.1}% 9
\BOOKMARK [2][-]{subsection.1.8}{\376\377\0001\000.\0008\000\040\000T\000h\000e\000\040\000I\000n\000t\000e\000r\000f\000e\000r\000e\000n\000c\000e\000\040\000C\000o\000c\000h\000a\000i\000n\000\040\000i\000s\000\040\000A\000l\000w\000a\000y\000s\000\040\000a\000\040\000C\000o\000c\000y\000c\000l\000e}{section.1}% 10
\BOOKMARK [2][-]{subsection.1.9}{\376\377\0001\000.\0009\000\040\000T\000h\000e\000\040\000C\000o\000c\000y\000c\000l\000e\000\040\000N\000o\000r\000m\000\040\000a\000n\000d\000\040\000D\000e\000f\000e\000c\000t\000\040\000B\000o\000u\000n\000d}{section.1}% 11
\BOOKMARK [1][-]{section.2}{\376\377\0002\000\040\000T\000h\000e\000\040\000q\000S\000L\000\040\000C\000a\000l\000c\000u\000l\000u\000s}{}% 12
\BOOKMARK [2][-]{subsection.2.1}{\376\377\0002\000.\0001\000\040\000T\000h\000e\000\040\000T\000a\000r\000g\000e\000t\000\040\000L\000a\000n\000g\000u\000a\000g\000e\000:\000\040\000C\000T\000-\000I\000M\000P}{section.2}% 13
\BOOKMARK [2][-]{subsection.2.2}{\376\377\0002\000.\0002\000\040\000Q\000u\000a\000n\000t\000i\000t\000a\000t\000i\000v\000e\000\040\000A\000s\000s\000e\000r\000t\000i\000o\000n\000s}{section.2}% 14
\BOOKMARK [2][-]{subsection.2.3}{\376\377\0002\000.\0003\000\040\000G\000r\000a\000d\000e\000d\000\040\000H\000o\000a\000r\000e\000\040\000T\000r\000i\000p\000l\000e\000s}{section.2}% 15
\BOOKMARK [2][-]{subsection.2.4}{\376\377\0002\000.\0004\000\040\000P\000r\000o\000o\000f\000\040\000R\000u\000l\000e\000s}{section.2}% 16
\BOOKMARK [2][-]{subsection.2.5}{\376\377\0002\000.\0005\000\040\000C\000o\000r\000r\000e\000c\000t\000n\000e\000s\000s\000:\000\040\000t\000h\000e\000\040\000C\000o\000c\000y\000c\000l\000e\000\040\000F\000r\000a\000m\000e\000\040\000R\000u\000l\000e\000\040\000I\000m\000p\000l\000i\000e\000s\000\040\000C\000l\000a\000s\000s\000i\000c\000a\000l\000\040\000S\000L}{section.2}% 17
\BOOKMARK [2][-]{subsection.2.6}{\376\377\0002\000.\0006\000\040\000T\000h\000e\000\040\000G\000r\000a\000d\000e\000d\000\040\000-\000C\000a\000l\000c\000u\000l\000u\000s\000\040\000c\000o\000c}{section.2}% 18
\BOOKMARK [2][-]{subsection.2.7}{\376\377\0002\000.\0007\000\040\000C\000o\000h\000o\000m\000o\000l\000o\000g\000i\000c\000a\000l\000\040\000C\000l\000a\000s\000s\000i\000f\000i\000c\000a\000t\000i\000o\000n}{section.2}% 19
\BOOKMARK [1][-]{section.3}{\376\377\0003\000\040\000D\000e\000n\000o\000t\000a\000t\000i\000o\000n\000a\000l\000\040\000a\000n\000d\000\040\000O\000p\000e\000r\000a\000t\000i\000o\000n\000a\000l\000\040\000S\000e\000m\000a\000n\000t\000i\000c\000s}{}% 20
\BOOKMARK [2][-]{subsection.3.1}{\376\377\0003\000.\0001\000\040\000S\000t\000e\000p\000-\000I\000n\000d\000e\000x\000e\000d\000\040\000Q\000u\000a\000n\000t\000i\000t\000a\000t\000i\000v\000e\000\040\000M\000o\000d\000e\000l}{section.3}% 21
\BOOKMARK [2][-]{subsection.3.2}{\376\377\0003\000.\0002\000\040\000T\000i\000m\000i\000n\000g\000\040\000I\000n\000v\000a\000r\000i\000a\000n\000c\000e\000\040\000L\000e\000m\000m\000a\000s}{section.3}% 22
\BOOKMARK [2][-]{subsection.3.3}{\376\377\0003\000.\0003\000\040\000S\000e\000m\000a\000n\000t\000i\000c\000\040\000V\000a\000l\000i\000d\000i\000t\000y\000\040\000o\000f\000\040\000G\000r\000a\000d\000e\000d\000\040\000T\000r\000i\000p\000l\000e\000s}{section.3}% 23
\BOOKMARK [2][-]{subsection.3.4}{\376\377\0003\000.\0004\000\040\000T\000h\000e\000\040\000C\000o\000m\000p\000o\000s\000i\000t\000i\000o\000n\000\040\000D\000e\000c\000o\000m\000p\000o\000s\000i\000t\000i\000o\000n\000\040\000L\000e\000m\000m\000a}{section.3}% 24
\BOOKMARK [2][-]{subsection.3.5}{\376\377\0003\000.\0005\000\040\000S\000e\000m\000a\000n\000t\000i\000c\000\040\000C\000o\000r\000r\000e\000c\000t\000n\000e\000s\000s\000\040\000o\000f\000\040\000A\000s\000s\000e\000r\000t\000i\000o\000n\000s}{section.3}% 25
\BOOKMARK [2][-]{subsection.3.6}{\376\377\0003\000.\0006\000\040\000O\000p\000e\000r\000a\000t\000i\000o\000n\000a\000l\000\040\000A\000d\000e\000q\000u\000a\000c\000y}{section.3}% 26
\BOOKMARK [1][-]{section.4}{\376\377\0004\000\040\000S\000o\000u\000n\000d\000n\000e\000s\000s}{}% 27
\BOOKMARK [1][-]{section.5}{\376\377\0005\000\040\000A\000p\000p\000l\000i\000c\000a\000t\000i\000o\000n\000s\000\040\000a\000n\000d\000\040\000W\000o\000r\000k\000e\000d\000\040\000I\000n\000s\000t\000a\000n\000c\000e\000s}{}% 28
\BOOKMARK [2][-]{subsection.5.1}{\376\377\0005\000.\0001\000\040\000P\000r\000o\000b\000a\000b\000i\000l\000i\000s\000t\000i\000c\000\040\000N\000o\000n\000i\000n\000t\000e\000r\000f\000e\000r\000e\000n\000c\000e}{section.5}% 29
\BOOKMARK [2][-]{subsection.5.2}{\376\377\0005\000.\0002\000\040\000G\000a\000r\000b\000a\000g\000e\000\040\000C\000o\000l\000l\000e\000c\000t\000i\000o\000n\000\040\000I\000n\000t\000e\000r\000a\000c\000t\000i\000o\000n}{section.5}% 30
\BOOKMARK [2][-]{subsection.5.3}{\376\377\0005\000.\0003\000\040\000S\000p\000e\000c\000u\000l\000a\000t\000i\000v\000e\000\040\000E\000x\000e\000c\000u\000t\000i\000o\000n\000\040\000\050\000S\000p\000e\000c\000t\000r\000e\000\051}{section.5}% 31
\BOOKMARK [2][-]{subsection.5.4}{\376\377\0005\000.\0004\000\040\000I\000n\000f\000o\000r\000m\000a\000t\000i\000o\000n\000\040\000F\000l\000o\000w\000\040\000a\000n\000d\000\040\000S\000e\000c\000u\000r\000i\000t\000y\000\040\000L\000a\000t\000t\000i\000c\000e}{section.5}% 32
\BOOKMARK [1][-]{section.6}{\376\377\0006\000\040\000T\000h\000e\000\040\000C\000o\000c\000y\000c\000l\000e\000-\000B\000o\000u\000n\000d\000e\000d\000\040\000Q\000u\000o\000t\000i\000e\000n\000t\000\040\000a\000n\000d\000\040\000D\000e\000c\000i\000d\000a\000b\000i\000l\000i\000t\000y}{}% 33
\BOOKMARK [2][-]{subsection.6.1}{\376\377\0006\000.\0001\000\040\000k\000-\000I\000n\000d\000i\000s\000t\000i\000n\000g\000u\000i\000s\000h\000a\000b\000i\000l\000i\000t\000y}{section.6}% 34
\BOOKMARK [2][-]{subsection.6.2}{\376\377\0006\000.\0002\000\040\000F\000i\000n\000i\000t\000e\000n\000e\000s\000s\000\040\000o\000f\000\040\000t\000h\000e\000\040\000Q\000u\000o\000t\000i\000e\000n\000t\000\040\000M\000o\000n\000o\000i\000d}{section.6}% 35
\BOOKMARK [2][-]{subsection.6.3}{\376\377\0006\000.\0003\000\040\000T\000h\000e\000\040\000D\000e\000c\000i\000s\000i\000o\000n\000\040\000P\000r\000o\000c\000e\000d\000u\000r\000e}{section.6}% 36
\BOOKMARK [2][-]{subsection.6.4}{\376\377\0006\000.\0004\000\040\000S\000o\000u\000n\000d\000n\000e\000s\000s\000\040\000a\000n\000d\000\040\000C\000o\000m\000p\000l\000e\000t\000e\000n\000e\000s\000s\000\040\000o\000f\000\040\000t\000h\000e\000\040\000D\000e\000c\000i\000s\000i\000o\000n\000\040\000P\000r\000o\000c\000e\000d\000u\000r\000e}{section.6}% 37
\BOOKMARK [2][-]{subsection.6.5}{\376\377\0006\000.\0005\000\040\000P\000S\000P\000A\000C\000E\000-\000C\000o\000m\000p\000l\000e\000t\000e\000n\000e\000s\000s}{section.6}% 38
\BOOKMARK [2][-]{subsection.6.6}{\376\377\0006\000.\0006\000\040\000T\000h\000e\000\040\000A\000E\000S\000\040\000S\000-\000B\000o\000x\000\040\000S\000c\000e\000n\000a\000r\000i\000o}{section.6}% 39
\BOOKMARK [2][-]{subsection.6.7}{\376\377\0006\000.\0007\000\040\000I\000n\000s\000t\000a\000n\000t\000i\000a\000t\000i\000n\000g\000\040\000q\000S\000L}{section.6}% 40
\BOOKMARK [2][-]{subsection.6.8}{\376\377\0006\000.\0008\000\040\000N\000o\000n\000i\000n\000t\000e\000r\000f\000e\000r\000e\000n\000c\000e\000\040\000w\000i\000t\000h\000\040\000a\000\040\000C\000o\000m\000p\000u\000t\000a\000b\000l\000e\000\040\000B\000o\000u\000n\000d}{section.6}% 41
\BOOKMARK [2][-]{subsection.6.9}{\376\377\0006\000.\0009\000\040\000S\000e\000q\000u\000e\000n\000t\000i\000a\000l\000\040\000C\000o\000m\000p\000o\000s\000i\000t\000i\000o\000n\000\040\000o\000f\000\040\000T\000w\000o\000\040\000R\000o\000u\000n\000d\000s}{section.6}% 42
\BOOKMARK [2][-]{subsection.6.10}{\376\377\0006\000.\0001\0000\000\040\000F\000u\000l\000l\000\040\000q\000S\000L\000\040\000D\000e\000r\000i\000v\000a\000t\000i\000o\000n\000\040\000f\000o\000r\000\040\000A\000E\000S\000\040\000R\000o\000u\000n\000d}{section.6}% 43
\BOOKMARK [2][-]{subsection.6.11}{\376\377\0006\000.\0001\0001\000\040\000I\000n\000f\000o\000r\000m\000a\000t\000i\000o\000n\000\040\000L\000e\000a\000k\000a\000g\000e\000\040\000B\000o\000u\000n\000d}{section.6}% 44
\BOOKMARK [1][-]{section.7}{\376\377\0007\000\040\000L\000e\000a\000n\000\040\0004\000\040\000M\000e\000c\000h\000a\000n\000i\000z\000a\000t\000i\000o\000n}{}% 45
\BOOKMARK [2][-]{subsection.7.1}{\376\377\0007\000.\0001\000\040\000O\000v\000e\000r\000v\000i\000e\000w\000\040\000o\000f\000\040\000t\000h\000e\000\040\000A\000r\000t\000i\000f\000a\000c\000t}{section.7}% 46
\BOOKMARK [2][-]{subsection.7.2}{\376\377\0007\000.\0002\000\040\000T\000h\000e\000\040\000R\000e\000s\000o\000n\000a\000n\000c\000e\000\040\000S\000t\000r\000u\000c\000t\000u\000r\000e}{section.7}% 47
\BOOKMARK [2][-]{subsection.7.3}{\376\377\0007\000.\0003\000\040\000T\000h\000e\000\040\000E\000m\000e\000r\000g\000e\000n\000c\000e\000\040\000C\000o\000c\000h\000a\000i\000n\000\040\000a\000n\000d\000\040\000C\000o\000b\000o\000u\000n\000d\000a\000r\000y}{section.7}% 48
\BOOKMARK [2][-]{subsection.7.4}{\376\377\0007\000.\0004\000\040\000P\000r\000o\000o\000f\000\040\000o\000f\000\040\000c\000o\000c\000y\000c\000l\000e\000C\000l\000o\000s\000e\000d}{section.7}% 49
\BOOKMARK [2][-]{subsection.7.5}{\376\377\0007\000.\0005\000\040\000T\000h\000e\000\040\000N\000o\000n\000l\000i\000n\000e\000a\000r\000\040\000C\000o\000n\000c\000r\000e\000t\000e\000\040\000I\000n\000s\000t\000a\000n\000c\000e}{section.7}% 50
\BOOKMARK [2][-]{subsection.7.6}{\376\377\0007\000.\0006\000\040\000A\000x\000i\000o\000m\000\040\000A\000u\000d\000i\000t}{section.7}% 51
\BOOKMARK [2][-]{subsection.7.7}{\376\377\0007\000.\0007\000\040\000T\000h\000e\000\040\000U\000n\000i\000q\000u\000e\000n\000e\000s\000s\000\040\000T\000h\000e\000o\000r\000e\000m}{section.7}% 52
\BOOKMARK [2][-]{subsection.7.8}{\376\377\0007\000.\0008\000\040\000P\000r\000o\000o\000f\000\040\000C\000o\000m\000p\000l\000e\000x\000i\000t\000y\000\040\000A\000n\000a\000l\000y\000s\000i\000s}{section.7}% 53
\BOOKMARK [2][-]{subsection.7.9}{\376\377\0007\000.\0009\000\040\000R\000e\000l\000a\000t\000i\000o\000n\000s\000h\000i\000p\000\040\000t\000o\000\040\000t\000h\000e\000\040\000E\000x\000i\000s\000t\000i\000n\000g\000\040\000I\000d\000e\000a\000T\000h\000e\000o\000r\000y\000\040\000L\000i\000b\000r\000a\000r\000y}{section.7}% 54
\BOOKMARK [1][-]{section.8}{\376\377\0008\000\040\000R\000e\000l\000a\000t\000e\000d\000\040\000W\000o\000r\000k}{}% 55
\BOOKMARK [1][-]{section.9}{\376\377\0009\000\040\000D\000i\000s\000c\000u\000s\000s\000i\000o\000n\000\040\000a\000n\000d\000\040\000L\000i\000m\000i\000t\000a\000t\000i\000o\000n\000s}{}% 56
\BOOKMARK [1][-]{section.10}{\376\377\0001\0000\000\040\000C\000o\000n\000c\000l\000u\000s\000i\000o\000n}{}% 57
\BOOKMARK [1][-]{appendix.A}{\376\377\000A\000\040\000T\000Q\000B\000F\000\040\000R\000e\000d\000u\000c\000t\000i\000o\000n\000\040\000D\000e\000t\000a\000i\000l\000s}{}% 58
\BOOKMARK [2][-]{subsection.A.1}{\376\377\000A\000.\0001\000\040\000T\000h\000e\000\040\000R\000e\000s\000o\000u\000r\000c\000e\000\040\000M\000o\000n\000o\000i\000d\000\040\000f\000o\000r\000\040\000T\000Q\000B\000F}{appendix.A}% 59
\BOOKMARK [2][-]{subsection.A.2}{\376\377\000A\000.\0002\000\040\000E\000n\000c\000o\000d\000i\000n\000g\000\040\000Q\000u\000a\000n\000t\000i\000f\000i\000e\000r\000s}{appendix.A}% 60
\BOOKMARK [2][-]{subsection.A.3}{\376\377\000A\000.\0003\000\040\000C\000o\000r\000r\000e\000c\000t\000n\000e\000s\000s\000\040\000o\000f\000\040\000t\000h\000e\000\040\000R\000e\000d\000u\000c\000t\000i\000o\000n}{appendix.A}% 61
\BOOKMARK [1][-]{appendix.B}{\376\377\000B\000\040\000F\000u\000l\000l\000\040\000S\000o\000u\000n\000d\000n\000e\000s\000s\000\040\000P\000r\000o\000o\000f\000\040\000f\000o\000r\000\040\000[\000G\000r\000F\000r\000a\000m\000e\000]}{}% 62
\BOOKMARK [2][-]{subsection.B.1}{\376\377\000B\000.\0001\000\040\000S\000e\000t\000u\000p\000:\000\040\000S\000t\000e\000p\000-\000i\000n\000d\000e\000x\000e\000d\000\040\000K\000r\000i\000p\000k\000e\000\040\000S\000e\000m\000a\000n\000t\000i\000c\000s}{appendix.B}% 63
\BOOKMARK [2][-]{subsection.B.2}{\376\377\000B\000.\0002\000\040\000P\000r\000o\000o\000f\000\040\000o\000f\000\040\000[\000G\000r\000F\000r\000a\000m\000e\000]}{appendix.B}% 64
\BOOKMARK [1][-]{section*.57}{\376\377\000R\000e\000f\000e\000r\000e\000n\000c\000e\000s}{}% 65
