This is pdfTeX, Version 3.141592653-2.6-1.40.27 (TeX Live 2025) (preloaded format=pdflatex 2025.3.8)  28 APR 2026 13:35
entering extended mode
 restricted \write18 enabled.
 %&-line parsing enabled.
**main.tex
(./main.tex
LaTeX2e <2024-11-01> patch level 2
L3 programming layer <2025-01-18>
(/usr/local/texlive/2025basic/texmf-dist/tex/latex/acmart/acmart.cls
Document Class: acmart 2025/08/27 v2.16 Typesetting articles for the Associatio
n for Computing Machinery
(/usr/local/texlive/2025basic/texmf-dist/tex/latex/xkeyval/xkeyval.sty
Package: xkeyval 2022/06/16 v2.9 package option processing (HA)

(/usr/local/texlive/2025basic/texmf-dist/tex/generic/xkeyval/xkeyval.tex
(/usr/local/texlive/2025basic/texmf-dist/tex/generic/xkeyval/xkvutils.tex
\XKV@toks=\toks17
\XKV@tempa@toks=\toks18

(/usr/local/texlive/2025basic/texmf-dist/tex/generic/xkeyval/keyval.tex))
\XKV@depth=\count196
File: xkeyval.tex 2014/12/03 v2.7a key=value parser (HA)
))
(/usr/local/texlive/2025basic/texmf-dist/tex/generic/xstring/xstring.sty
(/usr/local/texlive/2025basic/texmf-dist/tex/generic/xstring/xstring.tex
\xs_counta=\count197
\xs_countb=\count198
)
Package: xstring 2023/08/22 v1.86 String manipulations (CT)
)
(/usr/local/texlive/2025basic/texmf-dist/tex/generic/iftex/iftex.sty
Package: iftex 2024/12/12 v1.0g TeX engine tests
)
Package acmart Info: Not using screen mode on input line 77.
Package acmart Info: Using breaking urls on hyphens on input line 85.
Package acmart Info: Requiring acmthm on input line 93.
Package acmart Info: Not using review mode on input line 102.
Package acmart Info: Not using authorversion mode on input line 110.
Package acmart Info: Not using nonacm mode on input line 122.
Package acmart Info: Explicitly selecting natbib mode on input line 138.
Package acmart Info: Not using anonymous mode on input line 146.
Package acmart Info: Not using timestamp mode on input line 154.
Package acmart Info: Not using authordraft mode on input line 164.
Package acmart Info: Using anonymous mode on input line 179.
Package acmart Info: Using review mode on input line 179.
Package acmart Info: Using screen mode on input line 179.
Class acmart Info: Using format sigplan, number 6 on input line 179.
Class acmart Info: Using fontsize 10pt on input line 281.

(/usr/local/texlive/2025basic/texmf-dist/tex/latex/amscls/amsart.cls
Document Class: amsart 2020/05/29 v2.20.6
\linespacing=\dimen141
\normalparindent=\dimen142
\normaltopskip=\skip49
(/usr/local/texlive/2025basic/texmf-dist/tex/latex/amsmath/amsmath.sty
Package: amsmath 2024/11/05 v2.17t AMS math features
\@mathmargin=\skip50

For additional information on amsmath, use the `?' option.
(/usr/local/texlive/2025basic/texmf-dist/tex/latex/amsmath/amstext.sty
Package: amstext 2021/08/26 v2.01 AMS text

(/usr/local/texlive/2025basic/texmf-dist/tex/latex/amsmath/amsgen.sty
File: amsgen.sty 1999/11/30 v2.0 generic functions
\@emptytoks=\toks19
\ex@=\dimen143
))
(/usr/local/texlive/2025basic/texmf-dist/tex/latex/amsmath/amsbsy.sty
Package: amsbsy 1999/11/29 v1.2d Bold Symbols
\pmbraise@=\dimen144
)
(/usr/local/texlive/2025basic/texmf-dist/tex/latex/amsmath/amsopn.sty
Package: amsopn 2022/04/08 v2.04 operator names
)
\inf@bad=\count199
LaTeX Info: Redefining \frac on input line 233.
\uproot@=\count266
\leftroot@=\count267
LaTeX Info: Redefining \overline on input line 398.
LaTeX Info: Redefining \colon on input line 409.
\classnum@=\count268
\DOTSCASE@=\count269
LaTeX Info: Redefining \ldots on input line 495.
LaTeX Info: Redefining \dots on input line 498.
LaTeX Info: Redefining \cdots on input line 619.
\Mathstrutbox@=\box52
\strutbox@=\box53
LaTeX Info: Redefining \big on input line 721.
LaTeX Info: Redefining \Big on input line 722.
LaTeX Info: Redefining \bigg on input line 723.
LaTeX Info: Redefining \Bigg on input line 724.
\big@size=\dimen145
LaTeX Font Info:    Redeclaring font encoding OML on input line 742.
LaTeX Font Info:    Redeclaring font encoding OMS on input line 743.
\macc@depth=\count270
LaTeX Info: Redefining \bmod on input line 904.
LaTeX Info: Redefining \pmod on input line 909.
LaTeX Info: Redefining \smash on input line 939.
LaTeX Info: Redefining \relbar on input line 969.
LaTeX Info: Redefining \Relbar on input line 970.
\c@MaxMatrixCols=\count271
\dotsspace@=\muskip17
\c@parentequation=\count272
\dspbrk@lvl=\count273
\tag@help=\toks20
\row@=\count274
\column@=\count275
\maxfields@=\count276
\andhelp@=\toks21
\eqnshift@=\dimen146
\alignsep@=\dimen147
\tagshift@=\dimen148
\tagwidth@=\dimen149
\totwidth@=\dimen150
\lineht@=\dimen151
\@envbody=\toks22
\multlinegap=\skip51
\multlinetaggap=\skip52
\mathdisplay@stack=\toks23
LaTeX Info: Redefining \[ on input line 2953.
LaTeX Info: Redefining \] on input line 2954.
)
LaTeX Font Info:    Trying to load font information for U+msa on input line 397
.

(/usr/local/texlive/2025basic/texmf-dist/tex/latex/amsfonts/umsa.fd
File: umsa.fd 2013/01/14 v3.01 AMS symbols A
)
(/usr/local/texlive/2025basic/texmf-dist/tex/latex/amsfonts/amsfonts.sty
Package: amsfonts 2013/01/14 v3.01 Basic AMSFonts support
\symAMSa=\mathgroup4
\symAMSb=\mathgroup5
LaTeX Font Info:    Redeclaring math symbol \hbar on input line 98.
LaTeX Font Info:    Overwriting math alphabet `\mathfrak' in version `bold'
(Font)                  U/euf/m/n --> U/euf/b/n on input line 106.
)
\copyins=\insert252
\abstractbox=\box54
\listisep=\skip53
\c@part=\count277
\c@section=\count278
\c@subsection=\count279
\c@subsubsection=\count280
\c@paragraph=\count281
\c@subparagraph=\count282
\c@figure=\count283
\c@table=\count284
\abovecaptionskip=\skip54
\belowcaptionskip=\skip55
\captionindent=\dimen152
\thm@style=\toks24
\thm@bodyfont=\toks25
\thm@headfont=\toks26
\thm@notefont=\toks27
\thm@headpunct=\toks28
\thm@preskip=\skip56
\thm@postskip=\skip57
\thm@headsep=\skip58
\dth@everypar=\toks29
)
(/usr/local/texlive/2025basic/texmf-dist/tex/latex/microtype/microtype.sty
Package: microtype 2025/02/11 v3.2a Micro-typographical refinements (RS)

(/usr/local/texlive/2025basic/texmf-dist/tex/latex/etoolbox/etoolbox.sty
Package: etoolbox 2025/02/11 v2.5l e-TeX tools for LaTeX (JAW)
\etb@tempcnta=\count285
)
\MT@toks=\toks30
\MT@tempbox=\box55
\MT@count=\count286
LaTeX Info: Redefining \noprotrusionifhmode on input line 1087.
LaTeX Info: Redefining \leftprotrusion on input line 1088.
\MT@prot@toks=\toks31
LaTeX Info: Redefining \rightprotrusion on input line 1107.
LaTeX Info: Redefining \textls on input line 1449.
\MT@outer@kern=\dimen153
LaTeX Info: Redefining \microtypecontext on input line 2053.
LaTeX Info: Redefining \textmicrotypecontext on input line 2070.
\MT@listname@count=\count287

(/usr/local/texlive/2025basic/texmf-dist/tex/latex/microtype/microtype-pdftex.d
ef
File: microtype-pdftex.def 2025/02/11 v3.2a Definitions specific to pdftex (RS)

LaTeX Info: Redefining \lsstyle on input line 944.
LaTeX Info: Redefining \lslig on input line 944.
\MT@outer@space=\skip59
)
Package microtype Info: Loading configuration file microtype.cfg.
 (/usr/local/texlive/2025basic/texmf-dist/tex/latex/microtype/microtype.cfg
File: microtype.cfg 2025/02/11 v3.2a microtype main configuration file (RS)
)
LaTeX Info: Redefining \microtypesetup on input line 3065.
) (/usr/local/texlive/2025basic/texmf-dist/tex/latex/booktabs/booktabs.sty
Package: booktabs 2020/01/12 v1.61803398 Publication quality tables
\heavyrulewidth=\dimen154
\lightrulewidth=\dimen155
\cmidrulewidth=\dimen156
\belowrulesep=\dimen157
\belowbottomsep=\dimen158
\aboverulesep=\dimen159
\abovetopsep=\dimen160
\cmidrulesep=\dimen161
\cmidrulekern=\dimen162
\defaultaddspace=\dimen163
\@cmidla=\count288
\@cmidlb=\count289
\@aboverulesep=\dimen164
\@belowrulesep=\dimen165
\@thisruleclass=\count290
\@lastruleclass=\count291
\@thisrulewidth=\dimen166
)
(/usr/local/texlive/2025basic/texmf-dist/tex/latex/refcount/refcount.sty
Package: refcount 2019/12/15 v3.6 Data extraction from label references (HO)

(/usr/local/texlive/2025basic/texmf-dist/tex/generic/ltxcmds/ltxcmds.sty
Package: ltxcmds 2023-12-04 v1.26 LaTeX kernel commands for general use (HO)
)
(/usr/local/texlive/2025basic/texmf-dist/tex/generic/infwarerr/infwarerr.sty
Package: infwarerr 2019/12/03 v1.5 Providing info/warning/error messages (HO)
))
(/usr/local/texlive/2025basic/texmf-dist/tex/latex/totpages/totpages.sty
Package: totpages 2005/09/19 v2.00 Totpages Package (muewi)

(/usr/local/texlive/2025basic/texmf-dist/tex/latex/everyshi/everyshi.sty
Package: everyshi 2020/11/18 v4.00 EveryShipout Package
))
(/usr/local/texlive/2025basic/texmf-dist/tex/latex/environ/environ.sty
Package: environ 2014/05/04 v0.3 A new way to define environments

(/usr/local/texlive/2025basic/texmf-dist/tex/latex/trimspaces/trimspaces.sty
Package: trimspaces 2009/09/17 v1.1 Trim spaces around a token list
))
\@ACM@acmcp@delta=\dimen167

(/usr/local/texlive/2025basic/texmf-dist/tex/latex/natbib/natbib.sty
Package: natbib 2010/09/13 8.31b (PWD, AO)
\bibhang=\skip60
\bibsep=\skip61
LaTeX Info: Redefining \cite on input line 694.
\c@NAT@ctr=\count292
)
(/usr/local/texlive/2025basic/texmf-dist/tex/latex/hyperref/hyperref.sty
Package: hyperref 2024-11-05 v7.01l Hypertext links for LaTeX

(/usr/local/texlive/2025basic/texmf-dist/tex/latex/kvsetkeys/kvsetkeys.sty
Package: kvsetkeys 2022-10-05 v1.19 Key value parser (HO)
)
(/usr/local/texlive/2025basic/texmf-dist/tex/generic/kvdefinekeys/kvdefinekeys.
sty
Package: kvdefinekeys 2019-12-19 v1.6 Define keys (HO)
)
(/usr/local/texlive/2025basic/texmf-dist/tex/generic/pdfescape/pdfescape.sty
Package: pdfescape 2019/12/09 v1.15 Implements pdfTeX's escape features (HO)

(/usr/local/texlive/2025basic/texmf-dist/tex/generic/pdftexcmds/pdftexcmds.sty
Package: pdftexcmds 2020-06-27 v0.33 Utility functions of pdfTeX for LuaTeX (HO
)
Package pdftexcmds Info: \pdf@primitive is available.
Package pdftexcmds Info: \pdf@ifprimitive is available.
Package pdftexcmds Info: \pdfdraftmode found.
)) (/usr/local/texlive/2025basic/texmf-dist/tex/latex/hycolor/hycolor.sty
Package: hycolor 2020-01-27 v1.10 Color options for hyperref/bookmark (HO)
)
(/usr/local/texlive/2025basic/texmf-dist/tex/latex/hyperref/nameref.sty
Package: nameref 2023-11-26 v2.56 Cross-referencing by name of section

(/usr/local/texlive/2025basic/texmf-dist/tex/generic/gettitlestring/gettitlestr
ing.sty
Package: gettitlestring 2019/12/15 v1.6 Cleanup title references (HO)

(/usr/local/texlive/2025basic/texmf-dist/tex/latex/kvoptions/kvoptions.sty
Package: kvoptions 2022-06-15 v3.15 Key value format for package options (HO)
))
\c@section@level=\count293
)
(/usr/local/texlive/2025basic/texmf-dist/tex/generic/stringenc/stringenc.sty
Package: stringenc 2019/11/29 v1.12 Convert strings between diff. encodings (HO
)
)
\@linkdim=\dimen168
\Hy@linkcounter=\count294
\Hy@pagecounter=\count295

(/usr/local/texlive/2025basic/texmf-dist/tex/latex/hyperref/pd1enc.def
File: pd1enc.def 2024-11-05 v7.01l Hyperref: PDFDocEncoding definition (HO)
Now handling font encoding PD1 ...
... no UTF-8 mapping file for font encoding PD1
)
(/usr/local/texlive/2025basic/texmf-dist/tex/generic/intcalc/intcalc.sty
Package: intcalc 2019/12/15 v1.3 Expandable calculations with integers (HO)
)
\Hy@SavedSpaceFactor=\count296

(/usr/local/texlive/2025basic/texmf-dist/tex/latex/hyperref/puenc.def
File: puenc.def 2024-11-05 v7.01l Hyperref: PDF Unicode definition (HO)
Now handling font encoding PU ...
... no UTF-8 mapping file for font encoding PU
)
Package hyperref Info: Option `bookmarksnumbered' set `true' on input line 4040
.
Package hyperref Info: Option `unicode' set `true' on input line 4040.
Package hyperref Info: Hyper figures OFF on input line 4157.
Package hyperref Info: Link nesting OFF on input line 4162.
Package hyperref Info: Hyper index ON on input line 4165.
Package hyperref Info: Plain pages OFF on input line 4172.
Package hyperref Info: Backreferencing OFF on input line 4177.
Package hyperref Info: Implicit mode ON; LaTeX internals redefined.
Package hyperref Info: Bookmarks ON on input line 4424.
\c@Hy@tempcnt=\count297

(/usr/local/texlive/2025basic/texmf-dist/tex/latex/url/url.sty
\Urlmuskip=\muskip18
Package: url 2013/09/16  ver 3.4  Verb mode for urls, etc.
)
LaTeX Info: Redefining \url on input line 4763.
\XeTeXLinkMargin=\dimen169

(/usr/local/texlive/2025basic/texmf-dist/tex/generic/bitset/bitset.sty
Package: bitset 2019/12/09 v1.3 Handle bit-vector datatype (HO)

(/usr/local/texlive/2025basic/texmf-dist/tex/generic/bigintcalc/bigintcalc.sty
Package: bigintcalc 2019/12/15 v1.5 Expandable calculations on big integers (HO
)
))
\Fld@menulength=\count298
\Field@Width=\dimen170
\Fld@charsize=\dimen171
Package hyperref Info: Hyper figures OFF on input line 6042.
Package hyperref Info: Link nesting OFF on input line 6047.
Package hyperref Info: Hyper index ON on input line 6050.
Package hyperref Info: backreferencing OFF on input line 6057.
Package hyperref Info: Link coloring OFF on input line 6062.
Package hyperref Info: Link coloring with OCG OFF on input line 6067.
Package hyperref Info: PDF/A mode OFF on input line 6072.
 (/usr/local/texlive/2025basic/texmf-dist/tex/latex/base/atbegshi-ltx.sty
Package: atbegshi-ltx 2021/01/10 v1.0c Emulation of the original atbegshi
package with kernel methods
)
\Hy@abspage=\count299
\c@Item=\count300
\c@Hfootnote=\count301
)
Package hyperref Info: Driver (autodetected): hpdftex.

(/usr/local/texlive/2025basic/texmf-dist/tex/latex/hyperref/hpdftex.def
File: hpdftex.def 2024-11-05 v7.01l Hyperref driver for pdfTeX

(/usr/local/texlive/2025basic/texmf-dist/tex/latex/base/atveryend-ltx.sty
Package: atveryend-ltx 2020/08/19 v1.0a Emulation of the original atveryend pac
kage
with kernel methods
)
\Fld@listcount=\count302
\c@bookmark@seq@number=\count303

(/usr/local/texlive/2025basic/texmf-dist/tex/latex/rerunfilecheck/rerunfilechec
k.sty
Package: rerunfilecheck 2022-07-10 v1.10 Rerun checks for auxiliary files (HO)

(/usr/local/texlive/2025basic/texmf-dist/tex/generic/uniquecounter/uniquecounte
r.sty
Package: uniquecounter 2019/12/15 v1.4 Provide unlimited unique counter (HO)
)
Package uniquecounter Info: New unique counter `rerunfilecheck' on input line 2
85.
)
\Hy@SectionHShift=\skip62
)
(/usr/local/texlive/2025basic/texmf-dist/tex/latex/hyperxmp/hyperxmp.sty
Package: hyperxmp 2024/03/17 v5.13 Store hyperref metadata in XMP format
\hyxmp@aep@toks=\toks32

(/usr/local/texlive/2025basic/texmf-dist/tex/latex/ifmtarg/ifmtarg.sty
Package: ifmtarg 2018/04/16 v1.2b check for an empty argument
)
(/usr/local/texlive/2025basic/texmf-dist/tex/latex/base/ifthen.sty
Package: ifthen 2024/03/16 v1.1e Standard LaTeX ifthen package (DPC)
)
\@hyxmp@count=\count304

(/usr/local/texlive/2025basic/texmf-dist/tex/latex/oberdiek/ifdraft.sty
Package: ifdraft 2016/05/16 v1.4 Detect class options draft and final (HO)
)
(/usr/local/texlive/2025basic/texmf-dist/tex/generic/iftex/ifluatex.sty
Package: ifluatex 2019/10/25 v1.5 ifluatex legacy package. Use iftex instead.
))
(/usr/local/texlive/2025basic/texmf-dist/tex/latex/graphics/graphicx.sty
Package: graphicx 2021/09/16 v1.2d Enhanced LaTeX Graphics (DPC,SPQR)

(/usr/local/texlive/2025basic/texmf-dist/tex/latex/graphics/graphics.sty
Package: graphics 2024/08/06 v1.4g Standard LaTeX Graphics (DPC,SPQR)

(/usr/local/texlive/2025basic/texmf-dist/tex/latex/graphics/trig.sty
Package: trig 2023/12/02 v1.11 sin cos tan (DPC)
)
(/usr/local/texlive/2025basic/texmf-dist/tex/latex/graphics-cfg/graphics.cfg
File: graphics.cfg 2016/06/04 v1.11 sample graphics configuration
)
Package graphics Info: Driver file: pdftex.def on input line 106.

(/usr/local/texlive/2025basic/texmf-dist/tex/latex/graphics-def/pdftex.def
File: pdftex.def 2024/04/13 v1.2c Graphics/color driver for pdftex
))
\Gin@req@height=\dimen172
\Gin@req@width=\dimen173
)
(/usr/local/texlive/2025basic/texmf-dist/tex/latex/xcolor/xcolor.sty
Package: xcolor 2024/09/29 v3.02 LaTeX color extensions (UK)

(/usr/local/texlive/2025basic/texmf-dist/tex/latex/graphics-cfg/color.cfg
File: color.cfg 2016/01/02 v1.6 sample color configuration
)
Package xcolor Info: Driver file: pdftex.def on input line 274.

(/usr/local/texlive/2025basic/texmf-dist/tex/latex/graphics/mathcolor.ltx)
Package xcolor Info: Model `cmy' substituted by `cmy0' on input line 1349.
Package xcolor Info: Model `hsb' substituted by `rgb' on input line 1353.
Package xcolor Info: Model `RGB' extended on input line 1365.
Package xcolor Info: Model `HTML' substituted by `rgb' on input line 1367.
Package xcolor Info: Model `Hsb' substituted by `hsb' on input line 1368.
Package xcolor Info: Model `tHsb' substituted by `hsb' on input line 1369.
Package xcolor Info: Model `HSB' substituted by `hsb' on input line 1370.
Package xcolor Info: Model `Gray' substituted by `gray' on input line 1371.
Package xcolor Info: Model `wave' substituted by `hsb' on input line 1372.
)
(/usr/local/texlive/2025basic/texmf-dist/tex/latex/geometry/geometry.sty
Package: geometry 2020/01/02 v5.9 Page Geometry

(/usr/local/texlive/2025basic/texmf-dist/tex/generic/iftex/ifvtex.sty
Package: ifvtex 2019/10/25 v1.7 ifvtex legacy package. Use iftex instead.
)
\Gm@cnth=\count305
\Gm@cntv=\count306
\c@Gm@tempcnt=\count307
\Gm@bindingoffset=\dimen174
\Gm@wd@mp=\dimen175
\Gm@odd@mp=\dimen176
\Gm@even@mp=\dimen177
\Gm@layoutwidth=\dimen178
\Gm@layoutheight=\dimen179
\Gm@layouthoffset=\dimen180
\Gm@layoutvoffset=\dimen181
\Gm@dimlist=\toks33
)
(/usr/local/texlive/2025basic/texmf-dist/tex/latex/ncctools/manyfoot.sty
Package: manyfoot 2019/08/03 v1.11 Many Footnote Levels Package (NCC)

(/usr/local/texlive/2025basic/texmf-dist/tex/latex/ncctools/nccfoots.sty
Package: nccfoots 2005/02/03 v1.2 NCC Footnotes Package (NCC)
)
\MFL@columnwidth=\dimen182
)
\footinsauthorsaddresses=\insert251
\c@footnoteauthorsaddresses=\count308
\footinscopyrightpermission=\insert250
\c@footnotecopyrightpermission=\count309

(/usr/local/texlive/2025basic/texmf-dist/tex/generic/pdftex/glyphtounicode.tex)
(/usr/local/texlive/2025basic/texmf-dist/tex/latex/cmap/cmap.sty
Package: cmap 2021/02/06 v1.0j CMap support: searchable PDF
)
(/usr/local/texlive/2025basic/texmf-dist/tex/latex/base/fontenc.sty
Package: fontenc 2021/04/29 v2.0v Standard LaTeX package
<<t1.cmap>>) (/usr/local/texlive/2025basic/texmf-dist/tex/latex/libertine/liber
tine.sty
Package: libertine 2024/04/23 (Bob Tennent) Supports Libertine and Biolinum fon
ts for all LaTeX engines.

(/usr/local/texlive/2025basic/texmf-dist/tex/generic/iftex/ifxetex.sty
Package: ifxetex 2019/10/25 v0.7 ifxetex legacy package. Use iftex instead.
)
(/usr/local/texlive/2025basic/texmf-dist/tex/latex/base/textcomp.sty
Package: textcomp 2024/04/24 v2.1b Standard LaTeX package
)
(/usr/local/texlive/2025basic/texmf-dist/tex/latex/base/fontenc.sty
Package: fontenc 2021/04/29 v2.0v Standard LaTeX package
)
(/usr/local/texlive/2025basic/texmf-dist/tex/latex/fontaxes/fontaxes.sty
Package: fontaxes 2025-05-24 v2.0.1 Font selection axes (deprecated)

(/usr/local/texlive/2025basic/texmf-dist/tex/latex/fontaxes/fontaxes-v1.sty
Package: fontaxes 2020/07/21 v1.0e Font selection axes
LaTeX Info: Redefining \upshape on input line 29.
LaTeX Info: Redefining \itshape on input line 31.
LaTeX Info: Redefining \slshape on input line 33.
LaTeX Info: Redefining \swshape on input line 35.
LaTeX Info: Redefining \scshape on input line 37.
LaTeX Info: Redefining \sscshape on input line 39.
LaTeX Info: Redefining \ulcshape on input line 41.
LaTeX Info: Redefining \textsw on input line 47.
LaTeX Info: Redefining \textssc on input line 48.
LaTeX Info: Redefining \textulc on input line 49.
))
LaTeX Info: Redefining \oldstylenums on input line 485.

(/usr/local/texlive/2025basic/texmf-dist/tex/latex/libertine/LinLibertine_I.tex
)) (/usr/local/texlive/2025basic/texmf-dist/tex/latex/inconsolata/zi4.sty
Package: zi4 2019/05/17 v1.12

`inconsolata-zi4' v1.12, 2019/05/17 Text macros for Inconsolata (msharpe)
\zifour@ocount=\count310
)
(/usr/local/texlive/2025basic/texmf-dist/tex/latex/newtx/newtxmath.sty
Package: newtxmath 2024/09/22 v1.754

`newtxmath' v1.754, 2024/09/22 Math macros based originally on txfonts (msharpe
) (/usr/local/texlive/2025basic/texmf-dist/tex/latex/oberdiek/centernot.sty
Package: centernot 2016/05/16 v1.4 Centers the not symbol horizontally (HO)
)
\tx@cntz=\count311

(/usr/local/texlive/2025basic/texmf-dist/tex/generic/kastrup/binhex.tex)
\tx@Isdigit=\count312
\tx@IsAlNum=\count313
\tx@tA=\toks34
\tx@tB=\toks35
\tx@su=\read2

amsthm NOT loaded
LaTeX Font Info:    Redeclaring symbol font `operators' on input line 402.
LaTeX Font Info:    Overwriting symbol font `operators' in version `normal'
(Font)                  OT1/cmr/m/n --> OT1/LinuxLibertineT-TLF/m/n on input li
ne 402.
LaTeX Font Info:    Overwriting symbol font `operators' in version `bold'
(Font)                  OT1/cmr/bx/n --> OT1/LinuxLibertineT-TLF/m/n on input l
ine 402.
LaTeX Font Info:    Overwriting symbol font `operators' in version `bold'
(Font)                  OT1/LinuxLibertineT-TLF/m/n --> OT1/LinuxLibertineT-TLF
/sb/n on input line 403.
LaTeX Font Info:    Redeclaring math alphabet \mathsf on input line 410.
LaTeX Font Info:    Overwriting math alphabet `\mathsf' in version `normal'
(Font)                  OT1/cmss/m/n --> OT1/LinuxBiolinumT-TLF/m/n on input li
ne 410.
LaTeX Font Info:    Overwriting math alphabet `\mathsf' in version `bold'
(Font)                  OT1/cmss/bx/n --> OT1/LinuxBiolinumT-TLF/m/n on input l
ine 410.
LaTeX Font Info:    Overwriting math alphabet `\mathsf' in version `bold'
(Font)                  OT1/LinuxBiolinumT-TLF/m/n --> OT1/LinuxBiolinumT-TLF/b
/n on input line 412.
LaTeX Font Info:    Redeclaring math alphabet \mathit on input line 419.
LaTeX Font Info:    Overwriting math alphabet `\mathit' in version `normal'
(Font)                  OT1/cmr/m/it --> OT1/LinuxLibertineT-TLF/m/it on input 
line 419.
LaTeX Font Info:    Overwriting math alphabet `\mathit' in version `bold'
(Font)                  OT1/cmr/bx/it --> OT1/LinuxLibertineT-TLF/m/it on input
 line 419.
LaTeX Font Info:    Redeclaring math alphabet \mathtt on input line 420.
LaTeX Font Info:    Overwriting math alphabet `\mathtt' in version `normal'
(Font)                  OT1/cmtt/m/n --> T1/zi4/m/n on input line 420.
LaTeX Font Info:    Overwriting math alphabet `\mathtt' in version `bold'
(Font)                  OT1/cmtt/m/n --> T1/zi4/m/n on input line 420.
LaTeX Font Info:    Redeclaring math alphabet \mathbf on input line 422.
LaTeX Font Info:    Overwriting math alphabet `\mathbf' in version `normal'
(Font)                  OT1/cmr/bx/n --> OT1/LinuxLibertineT-TLF/sb/n on input 
line 422.
LaTeX Font Info:    Overwriting math alphabet `\mathbf' in version `bold'
(Font)                  OT1/cmr/bx/n --> OT1/LinuxLibertineT-TLF/sb/n on input 
line 422.
LaTeX Font Info:    Overwriting math alphabet `\mathit' in version `bold'
(Font)                  OT1/LinuxLibertineT-TLF/m/it --> OT1/LinuxLibertineT-TL
F/sb/it on input line 423.
LaTeX Font Info:    Overwriting math alphabet `\mathtt' in version `bold'
(Font)                  T1/zi4/m/n --> T1/zi4/b/n on input line 426.
LaTeX Font Info:    Redeclaring symbol font `letters' on input line 444.
LaTeX Font Info:    Overwriting symbol font `letters' in version `normal'
(Font)                  OML/cmm/m/it --> OML/nxlmi/m/it on input line 444.
LaTeX Font Info:    Overwriting symbol font `letters' in version `bold'
(Font)                  OML/cmm/b/it --> OML/nxlmi/m/it on input line 444.
LaTeX Font Info:    Overwriting symbol font `letters' in version `bold'
(Font)                  OML/nxlmi/m/it --> OML/nxlmi/b/it on input line 445.
\symlettersA=\mathgroup6
LaTeX Font Info:    Overwriting symbol font `lettersA' in version `bold'
(Font)                  U/ntxmia/m/it --> U/ntxmia/b/it on input line 582.
LaTeX Font Info:    Redeclaring math alphabet \mathfrak on input line 584.
Now handling font encoding LMS ...
... no UTF-8 mapping file for font encoding LMS
LaTeX Font Info:    Redeclaring symbol font `symbols' on input line 604.
LaTeX Font Info:    Encoding `OMS' has changed to `LMS' for symbol font
(Font)              `symbols' in the math version `normal' on input line 604.
LaTeX Font Info:    Overwriting symbol font `symbols' in version `normal'
(Font)                  OMS/cmsy/m/n --> LMS/ntxsy/m/n on input line 604.
LaTeX Font Info:    Encoding `OMS' has changed to `LMS' for symbol font
(Font)              `symbols' in the math version `bold' on input line 604.
LaTeX Font Info:    Overwriting symbol font `symbols' in version `bold'
(Font)                  OMS/cmsy/b/n --> LMS/ntxsy/m/n on input line 604.
LaTeX Font Info:    Overwriting symbol font `symbols' in version `bold'
(Font)                  LMS/ntxsy/m/n --> LMS/ntxsy/b/n on input line 605.
\symAMSm=\mathgroup7
LaTeX Font Info:    Overwriting symbol font `AMSm' in version `bold'
(Font)                  U/ntxsym/m/n --> U/ntxsym/b/n on input line 630.
\symsymbolsC=\mathgroup8
LaTeX Font Info:    Overwriting symbol font `symbolsC' in version `bold'
(Font)                  U/ntxsyc/m/n --> U/ntxsyc/b/n on input line 651.
Now handling font encoding LMX ...
... no UTF-8 mapping file for font encoding LMX
LaTeX Font Info:    Redeclaring symbol font `largesymbols' on input line 664.
LaTeX Font Info:    Encoding `OMX' has changed to `LMX' for symbol font
(Font)              `largesymbols' in the math version `normal' on input line 6
64.
LaTeX Font Info:    Overwriting symbol font `largesymbols' in version `normal'
(Font)                  OMX/cmex/m/n --> LMX/ntxexx/m/n on input line 664.
LaTeX Font Info:    Encoding `OMX' has changed to `LMX' for symbol font
(Font)              `largesymbols' in the math version `bold' on input line 664
.
LaTeX Font Info:    Overwriting symbol font `largesymbols' in version `bold'
(Font)                  OMX/cmex/m/n --> LMX/ntxexx/m/n on input line 664.
LaTeX Font Info:    Overwriting symbol font `largesymbols' in version `bold'
(Font)                  LMX/ntxexx/m/n --> LMX/ntxexx/b/n on input line 665.
\symlargesymbolsTXA=\mathgroup9
LaTeX Font Info:    Overwriting symbol font `largesymbolsTXA' in version `bold'

(Font)                  U/ntxexa/m/n --> U/ntxexa/b/n on input line 679.
\tx@sbptoks=\toks36
LaTeX Font Info:    Redeclaring math delimiter \lfloor on input line 902.
LaTeX Font Info:    Redeclaring math delimiter \rfloor on input line 903.
LaTeX Font Info:    Redeclaring math delimiter \lceil on input line 904.
LaTeX Font Info:    Redeclaring math delimiter \rceil on input line 905.
LaTeX Font Info:    Redeclaring math delimiter \lbrace on input line 910.
LaTeX Font Info:    Redeclaring math delimiter \rbrace on input line 911.
LaTeX Font Info:    Redeclaring math delimiter \langle on input line 913.
LaTeX Font Info:    Redeclaring math delimiter \rangle on input line 915.
LaTeX Font Info:    Redeclaring math delimiter \arrowvert on input line 919.
LaTeX Font Info:    Redeclaring math delimiter \vert on input line 920.
LaTeX Font Info:    Redeclaring math accent \dot on input line 991.
LaTeX Font Info:    Redeclaring math accent \ddot on input line 992.
LaTeX Font Info:    Redeclaring math accent \vec on input line 2057.
LaTeX Info: Redefining \Bbbk on input line 2847.
LaTeX Info: Redefining \not on input line 2995.
LaTeX Info: Redefining \textsquare on input line 3025.
LaTeX Info: Redefining \openbox on input line 3027.
) (/usr/local/texlive/2025basic/texmf-dist/tex/latex/caption/caption.sty
Package: caption 2023/08/05 v3.6o Customizing captions (AR)

(/usr/local/texlive/2025basic/texmf-dist/tex/latex/caption/caption3.sty
Package: caption3 2023/07/31 v2.4d caption3 kernel (AR)
\caption@tempdima=\dimen183
\captionmargin=\dimen184
\caption@leftmargin=\dimen185
\caption@rightmargin=\dimen186
\caption@width=\dimen187
\caption@indent=\dimen188
\caption@parindent=\dimen189
\caption@hangindent=\dimen190
Package caption Info: AMS or SMF document class detected.

(/usr/local/texlive/2025basic/texmf-dist/tex/latex/caption/caption-ams-smf.sto
File: caption-ams-smf.sto 2020/08/22 v2.0 Adaption of the caption package to th
e AMS and SMF document classes (AR)
))
\c@caption@flags=\count314
\c@continuedfloat=\count315
Package caption Info: hyperref package is loaded.
) (/usr/local/texlive/2025basic/texmf-dist/tex/latex/float/float.sty
Package: float 2001/11/08 v1.3d Float enhancements (AL)
\c@float@type=\count316
\float@exts=\toks37
\float@box=\box56
\@float@everytoks=\toks38
\@floatcapt=\box57
)
\@float@every@sidebar=\toks39
\c@sidebar=\count317
\fulltextwidth=\dimen191
\@ACM@labelwidth=\dimen192
\listisep=\skip63
\num@authorgroups=\count318
\num@authors=\count319
\@ACM@badge@width=\skip64
\@ACM@title@width=\skip65
\@ACM@badge@skip=\skip66
Class acmart Info: Printing CCS on input line 1848.
Class acmart Info: Printing bibformat on input line 1848.
Class acmart Info: Suppressing folios on input line 1855.
Class acmart Info: Setting authorsperrow to 0 on input line 1858.

(/usr/local/texlive/2025basic/texmf-dist/tex/latex/comment/comment.sty
\CommentStream=\write3

Excluding comment 'comment') Excluding comment 'CCSXML'
\c@@concepts=\count320
\mktitle@bx=\box58
\@ACM@acmcpbox=\box59
\@ACM@commabox=\box60
\author@bx=\box61
\author@bx@wd=\dimen193
\author@bx@sep=\skip67

(/usr/local/texlive/2025basic/texmf-dist/tex/latex/fancyhdr/fancyhdr.sty
Package: fancyhdr 2025/02/07 v5.2 Extensive control of page headers and footers

\f@nch@headwidth=\skip68
\f@nch@offset@elh=\skip69
\f@nch@offset@erh=\skip70
\f@nch@offset@olh=\skip71
\f@nch@offset@orh=\skip72
\f@nch@offset@elf=\skip73
\f@nch@offset@erf=\skip74
\f@nch@offset@olf=\skip75
\f@nch@offset@orf=\skip76
\f@nch@height=\skip77
\f@nch@footalignment=\skip78
\f@nch@widthL=\skip79
\f@nch@widthC=\skip80
\f@nch@widthR=\skip81
\@temptokenb=\toks40
)
\ACM@linecount@bx=\box62
\ACM@linecount@bxht=\skip82
\ACM@linecount=\count321

Special comment 'acks'
LaTeX Font Info:    Trying to load font information for T1+LinuxLibertineT-TLF 
on input line 3652.

(/usr/local/texlive/2025basic/texmf-dist/tex/latex/libertine/T1LinuxLibertineT-
TLF.fd
File: T1LinuxLibertineT-TLF.fd 2017/03/20 (autoinst) Font definitions for T1/Li
nuxLibertineT-TLF.
)
LaTeX Font Info:    Font shape `T1/LinuxLibertineT-TLF/m/n' will be
(Font)              scaled to size 10.0pt on input line 3652.
)
(/usr/local/texlive/2025basic/texmf-dist/tex/latex/mathtools/mathtools.sty
Package: mathtools 2024/10/04 v1.31 mathematical typesetting tools

(/usr/local/texlive/2025basic/texmf-dist/tex/latex/tools/calc.sty
Package: calc 2023/07/08 v4.3 Infix arithmetic (KKT,FJ)
\calc@Acount=\count322
\calc@Bcount=\count323
\calc@Adimen=\dimen194
\calc@Bdimen=\dimen195
\calc@Askip=\skip83
\calc@Bskip=\skip84
LaTeX Info: Redefining \setlength on input line 80.
LaTeX Info: Redefining \addtolength on input line 81.
\calc@Ccount=\count324
\calc@Cskip=\skip85
)
(/usr/local/texlive/2025basic/texmf-dist/tex/latex/mathtools/mhsetup.sty
Package: mhsetup 2021/03/18 v1.4 programming setup (MH)
)
\g_MT_multlinerow_int=\count325
\l_MT_multwidth_dim=\dimen196
\origjot=\skip86
\l_MT_shortvdotswithinadjustabove_dim=\dimen197
\l_MT_shortvdotswithinadjustbelow_dim=\dimen198
\l_MT_above_intertext_sep=\dimen199
\l_MT_below_intertext_sep=\dimen256
\l_MT_above_shortintertext_sep=\dimen257
\l_MT_below_shortintertext_sep=\dimen258
\xmathstrut@box=\box63
\xmathstrut@dim=\dimen259
)
(/usr/local/texlive/2025basic/texmf-dist/tex/latex/tools/xspace.sty
Package: xspace 2014/10/28 v1.13 Space after command names (DPC,MH)
)
(/usr/local/texlive/2025basic/texmf-dist/tex/latex/listings/listings.sty
\lst@mode=\count326
\lst@gtempboxa=\box64
\lst@token=\toks41
\lst@length=\count327
\lst@currlwidth=\dimen260
\lst@column=\count328
\lst@pos=\count329
\lst@lostspace=\dimen261
\lst@width=\dimen262
\lst@newlines=\count330
\lst@lineno=\count331
\lst@maxwidth=\dimen263

(/usr/local/texlive/2025basic/texmf-dist/tex/latex/listings/lstpatch.sty
File: lstpatch.sty 2024/09/23 1.10c (Carsten Heinz)
)
(/usr/local/texlive/2025basic/texmf-dist/tex/latex/listings/lstmisc.sty
File: lstmisc.sty 2024/09/23 1.10c (Carsten Heinz)
\c@lstnumber=\count332
\lst@skipnumbers=\count333
\lst@framebox=\box65
)
(/usr/local/texlive/2025basic/texmf-dist/tex/latex/listings/listings.cfg
File: listings.cfg 2024/09/23 1.10c listings configuration
))
Package: listings 2024/09/23 1.10c (Carsten Heinz)

(/usr/local/texlive/2025basic/texmf-dist/tex/latex/enumitem/enumitem.sty
Package: enumitem 2025/02/06 v3.11 Customized lists
\enitkv@toks@=\toks42
\labelindent=\skip87
\enit@outerparindent=\dimen264
\enit@toks=\toks43
\enit@inbox=\box66
\enit@count@id=\count334
\enitdp@description=\count335
)
(/usr/local/texlive/2025basic/texmf-dist/tex/latex/tools/array.sty
Package: array 2024/10/17 v2.6g Tabular extension package (FMi)
\col@sep=\dimen265
\ar@mcellbox=\box67
\extrarowheight=\dimen266
\NC@list=\toks44
\extratabsurround=\skip88
\backup@length=\skip89
\ar@cellbox=\box68
)
(/usr/local/texlive/2025basic/texmf-dist/tex/latex/bussproofs/bussproofs.sty
Proof Tree (bussproofs) style macros. Version 1.1.
\theLevel=\count336
\myMaxLevel=\count337
\myBoxA=\box69
\myBoxB=\box70
\myBoxC=\box71
\myBoxD=\box72
\myBoxLL=\box73
\myBoxRL=\box74
\thisAboveSkip=\dimen267
\thisBelowSkip=\dimen268
\newScoreStart=\dimen269
\newScoreEnd=\dimen270
\newCenter=\dimen271
\displace=\dimen272
\leftLowerAmt=\dimen273
\rightLowerAmt=\dimen274
\scoreHeight=\dimen275
\scoreDepth=\dimen276
\htLbox=\dimen277
\htRbox=\dimen278
\htRRbox=\dimen279
\htRRRbox=\dimen280
\htAbox=\dimen281
\htCbox=\dimen282
)
\c@theorem=\count338
Package hyperref Info: Option `colorlinks' set `true' on input line 65.
Package hyperref Info: Option `pdfdisplaydoctitle' set `true' on input line 65.

 (/usr/local/texlive/2025basic/texmf-dist/tex/latex/preprint/balance.sty
Package: balance 1999/02/23 4.3 (PWD)
\oldvsize=\dimen283
)
Include comment 'screenonly' Excluding comment 'printonly'
Excluding comment 'anonsuppress' Excluding comment 'acks'
(/usr/local/texlive/2025basic/texmf-dist/tex/latex/l3backend/l3backend-pdftex.d
ef
File: l3backend-pdftex.def 2024-05-08 L3 backend support: PDF output (pdfTeX)
\l__color_backend_stack_int=\count339
\l__pdf_internal_box=\box75
) (./main.aux)
\openout1 = `main.aux'.

LaTeX Font Info:    Checking defaults for OML/nxlmi/m/it on input line 65.
LaTeX Font Info:    Trying to load font information for OML+nxlmi on input line
 65.

(/usr/local/texlive/2025basic/texmf-dist/tex/latex/newtx/omlnxlmi.fd
File: omlnxlmi.fd 2013/11/19 Fontinst v1.933 font definitions for OML/nxlmi.
)
LaTeX Font Info:    ... okay on input line 65.
LaTeX Font Info:    Checking defaults for OMS/cmsy/m/n on input line 65.
LaTeX Font Info:    ... okay on input line 65.
LaTeX Font Info:    Checking defaults for OT1/cmr/m/n on input line 65.
LaTeX Font Info:    ... okay on input line 65.
LaTeX Font Info:    Checking defaults for T1/cmr/m/n on input line 65.
LaTeX Font Info:    ... okay on input line 65.
LaTeX Font Info:    Checking defaults for TS1/cmr/m/n on input line 65.
LaTeX Font Info:    ... okay on input line 65.
LaTeX Font Info:    Checking defaults for OMX/cmex/m/n on input line 65.
LaTeX Font Info:    ... okay on input line 65.
LaTeX Font Info:    Checking defaults for U/ntxexa/m/n on input line 65.
LaTeX Font Info:    Trying to load font information for U+ntxexa on input line 
65.

(/usr/local/texlive/2025basic/texmf-dist/tex/latex/newtx/untxexa.fd
File: untxexa.fd 2012/04/16 Fontinst v1.933 font definitions for U/ntxexa.
)
LaTeX Font Info:    ... okay on input line 65.
LaTeX Font Info:    Checking defaults for PD1/pdf/m/n on input line 65.
LaTeX Font Info:    ... okay on input line 65.
LaTeX Font Info:    Checking defaults for PU/pdf/m/n on input line 65.
LaTeX Font Info:    ... okay on input line 65.
LaTeX Font Info:    Checking defaults for LMS/ntxsy/m/n on input line 65.
LaTeX Font Info:    Trying to load font information for LMS+ntxsy on input line
 65.

(/usr/local/texlive/2025basic/texmf-dist/tex/latex/newtx/lmsntxsy.fd
File: lmsntxsy.fd 2016/07/02 Fontinst v1.933 font definitions for LMS/ntxsy.
)
LaTeX Font Info:    ... okay on input line 65.
LaTeX Font Info:    Checking defaults for LMX/ntxexx/m/n on input line 65.
LaTeX Font Info:    Trying to load font information for LMX+ntxexx on input lin
e 65.

(/usr/local/texlive/2025basic/texmf-dist/tex/latex/newtx/lmxntxexx.fd
File: lmxntxexx.fd 2016/07/03 Fontinst v1.933 font definitions for LMX/ntxexx.
)
LaTeX Font Info:    ... okay on input line 65.
LaTeX Font Info:    Font shape `T1/LinuxLibertineT-TLF/m/n' will be
(Font)              scaled to size 8.0pt on input line 65.
LaTeX Font Info:    Trying to load font information for OT1+LinuxLibertineT-TLF
 on input line 65.

(/usr/local/texlive/2025basic/texmf-dist/tex/latex/libertine/OT1LinuxLibertineT
-TLF.fd
File: OT1LinuxLibertineT-TLF.fd 2017/03/20 (autoinst) Font definitions for OT1/
LinuxLibertineT-TLF.
)
LaTeX Font Info:    Font shape `OT1/LinuxLibertineT-TLF/m/n' will be
(Font)              scaled to size 8.0pt on input line 65.
<<ot1.cmap>>
LaTeX Font Info:    Font shape `OT1/LinuxLibertineT-TLF/m/n' will be
(Font)              scaled to size 6.0pt on input line 65.
LaTeX Font Info:    Font shape `OT1/LinuxLibertineT-TLF/m/n' will be
(Font)              scaled to size 5.5pt on input line 65.
LaTeX Font Info:    Font shape `OML/nxlmi/m/it' will be
(Font)              scaled to size 8.0pt on input line 65.
LaTeX Font Info:    Font shape `OML/nxlmi/m/it' will be
(Font)              scaled to size 6.0pt on input line 65.
LaTeX Font Info:    Font shape `OML/nxlmi/m/it' will be
(Font)              scaled to size 5.5pt on input line 65.
LaTeX Font Info:    Font shape `LMS/ntxsy/m/n' will be
(Font)              scaled to size 8.0pt on input line 65.
LaTeX Font Info:    Font shape `LMS/ntxsy/m/n' will be
(Font)              scaled to size 6.0pt on input line 65.
LaTeX Font Info:    Font shape `LMS/ntxsy/m/n' will be
(Font)              scaled to size 5.5pt on input line 65.
LaTeX Font Info:    Font shape `LMX/ntxexx/m/n' will be
(Font)              scaled to size 8.0pt on input line 65.
LaTeX Font Info:    Font shape `LMX/ntxexx/m/n' will be
(Font)              scaled to size 6.0pt on input line 65.
LaTeX Font Info:    Font shape `LMX/ntxexx/m/n' will be
(Font)              scaled to size 5.5pt on input line 65.
LaTeX Font Info:    Trying to load font information for U+msa on input line 65.


(/usr/local/texlive/2025basic/texmf-dist/tex/latex/amsfonts/umsa.fd
File: umsa.fd 2013/01/14 v3.01 AMS symbols A
)
LaTeX Font Info:    Trying to load font information for U+msb on input line 65.


(/usr/local/texlive/2025basic/texmf-dist/tex/latex/amsfonts/umsb.fd
File: umsb.fd 2013/01/14 v3.01 AMS symbols B
)
LaTeX Font Info:    Trying to load font information for U+ntxmia on input line 
65.

(/usr/local/texlive/2025basic/texmf-dist/tex/latex/newtx/untxmia.fd
File: untxmia.fd 2024/04/09 Fontinst v1.933 font definitions for U/ntxmia.
)
LaTeX Font Info:    Font shape `U/ntxmia/m/it' will be
(Font)              scaled to size 8.0pt on input line 65.
LaTeX Font Info:    Font shape `U/ntxmia/m/it' will be
(Font)              scaled to size 6.0pt on input line 65.
LaTeX Font Info:    Font shape `U/ntxmia/m/it' will be
(Font)              scaled to size 5.5pt on input line 65.
LaTeX Font Info:    Trying to load font information for U+ntxsym on input line 
65.

(/usr/local/texlive/2025basic/texmf-dist/tex/latex/newtx/untxsym.fd
File: untxsym.fd 2023/08/16 Fontinst v1.933 font definitions for U/ntxsym.
)
LaTeX Font Info:    Font shape `U/ntxsym/m/n' will be
(Font)              scaled to size 8.0pt on input line 65.
LaTeX Font Info:    Font shape `U/ntxsym/m/n' will be
(Font)              scaled to size 6.0pt on input line 65.
LaTeX Font Info:    Font shape `U/ntxsym/m/n' will be
(Font)              scaled to size 5.5pt on input line 65.
LaTeX Font Info:    Trying to load font information for U+ntxsyc on input line 
65.

(/usr/local/texlive/2025basic/texmf-dist/tex/latex/newtx/untxsyc.fd
File: untxsyc.fd 2012/04/12 Fontinst v1.933 font definitions for U/ntxsyc.
)
LaTeX Font Info:    Font shape `U/ntxsyc/m/n' will be
(Font)              scaled to size 8.0pt on input line 65.
LaTeX Font Info:    Font shape `U/ntxsyc/m/n' will be
(Font)              scaled to size 6.0pt on input line 65.
LaTeX Font Info:    Font shape `U/ntxsyc/m/n' will be
(Font)              scaled to size 5.5pt on input line 65.
LaTeX Font Info:    Font shape `U/ntxexa/m/n' will be
(Font)              scaled to size 8.0pt on input line 65.
LaTeX Font Info:    Font shape `U/ntxexa/m/n' will be
(Font)              scaled to size 6.0pt on input line 65.
LaTeX Font Info:    Font shape `U/ntxexa/m/n' will be
(Font)              scaled to size 5.5pt on input line 65.
LaTeX Info: Command `\dddot' is already robust on input line 65.
LaTeX Info: Command `\ddddot' is already robust on input line 65.
LaTeX Info: Redefining \microtypecontext on input line 65.
Package microtype Info: Applying patch `item' on input line 65.
Package microtype Info: Applying patch `toc' on input line 65.
Package microtype Info: Applying patch `eqnum' on input line 65.
Package microtype Info: Applying patch `footnote' on input line 65.
Package microtype Info: Applying patch `verbatim' on input line 65.
LaTeX Info: Redefining \microtypesetup on input line 65.
Package microtype Info: Generating PDF output.
Package microtype Info: Character protrusion enabled (level 2).
Package microtype Info: Using default protrusion set `alltext'.
Package microtype Info: Automatic font expansion enabled (level 2),
(microtype)             stretch: 20, shrink: 20, step: 1, non-selected.
Package microtype Info: Using default expansion set `alltext-nott'.
LaTeX Info: Redefining \showhyphens on input line 65.
Package microtype Info: No adjustment of tracking.
Package microtype Info: No adjustment of interword spacing.
Package microtype Info: No adjustment of character kerning.
Package microtype Info: Loading generic protrusion settings for font family
(microtype)             `LinuxLibertineT-TLF' (encoding: T1).
(microtype)             For optimal results, create family-specific settings.
(microtype)             See the microtype manual for details.
Package hyperref Info: Link coloring ON on input line 65.

(./main.out) (./main.out)
\@outlinefile=\write4
\openout4 = `main.out'.


(/usr/local/texlive/2025basic/texmf-dist/tex/context/base/mkii/supp-pdf.mkii
[Loading MPS to PDF converter (version 2006.09.02).]
\scratchcounter=\count340
\scratchdimen=\dimen284
\scratchbox=\box76
\nofMPsegments=\count341
\nofMParguments=\count342
\everyMPshowfont=\toks45
\MPscratchCnt=\count343
\MPscratchDim=\dimen285
\MPnumerator=\count344
\makeMPintoPDFobject=\count345
\everyMPtoPDFconversion=\toks46
)
(/usr/local/texlive/2025basic/texmf-dist/tex/latex/epstopdf-pkg/epstopdf-base.s
ty
Package: epstopdf-base 2020-01-24 v2.11 Base part for package epstopdf
Package epstopdf-base Info: Redefining graphics rule for `.eps' on input line 4
85.

(/usr/local/texlive/2025basic/texmf-dist/tex/latex/latexconfig/epstopdf-sys.cfg
File: epstopdf-sys.cfg 2010/07/13 v1.3 Configuration of (r)epstopdf for TeX Liv
e
))
*geometry* driver: auto-detecting
*geometry* detected driver: pdftex
*geometry* verbose mode - [ preamble ] result:
* driver: pdftex
* paper: custom
* layout: <same size as paper>
* layoutoffset:(h,v)=(0.0pt,0.0pt)
* modes: twoside heightrounded 
* h-part:(L,W,R)=(54.2025pt, 505.89pt, 54.2025pt)
* v-part:(T,H,B)=(72.26999pt, 650.43001pt, 72.26999pt)
* \paperwidth=614.295pt
* \paperheight=794.96999pt
* \textwidth=505.89pt
* \textheight=646.0pt
* \oddsidemargin=-18.06749pt
* \evensidemargin=-18.06749pt
* \topmargin=-27.0pt
* \headheight=13.0pt
* \headsep=14.0pt
* \topskip=10.0pt
* \footskip=12.0pt
* \marginparwidth=24.0pt
* \marginparsep=11.0pt
* \columnsep=24.0pt
* \skip\footins=7.0pt plus 11.0pt
* \hoffset=0.0pt
* \voffset=0.0pt
* \mag=1000
* \@twocolumnfalse
* \@twosidetrue
* \@mparswitchtrue
* \@reversemarginfalse
* (1in=72.27pt=25.4mm, 1cm=28.453pt)

\c@mv@tabular=\count346
\c@mv@boldtabular=\count347
(/usr/local/texlive/2025basic/texmf-dist/tex/latex/upquote/upquote.sty
Package: upquote 2012/04/19 v1.3 upright-quote and grave-accent glyphs in verba
tim
)
Package caption Info: Begin \AtBeginDocument code.
Package caption Info: float package is loaded.
Package caption Info: listings package is loaded.
Package caption Info: End \AtBeginDocument code.
\c@lstlisting=\count348
LaTeX Font Info:    Font shape `T1/LinuxLibertineT-TLF/m/n' will be
(Font)              scaled to size 20.74pt on input line 108.
LaTeX Font Info:    Font shape `T1/LinuxLibertineT-TLF/b/n' will be
(Font)              scaled to size 20.74pt on input line 108.
LaTeX Font Info:    Font shape `T1/LinuxLibertineT-TLF/m/n' will be
(Font)              scaled to size 12.0pt on input line 108.
LaTeX Font Info:    Font shape `T1/LinuxLibertineT-TLF/m/it' will be
(Font)              scaled to size 8.0pt on input line 108.
LaTeX Font Info:    Font shape `T1/LinuxLibertineT-TLF/b/n' will be
(Font)              scaled to size 10.0pt on input line 108.
LaTeX Font Info:    Font shape `T1/LinuxLibertineT-TLF/b/n' will be
(Font)              scaled to size 12.0pt on input line 108.
LaTeX Font Info:    Font shape `OT1/LinuxLibertineT-TLF/m/n' will be
(Font)              scaled to size 10.0pt on input line 108.
Package microtype Info: Loading generic protrusion settings for font family
(microtype)             `LinuxLibertineT-TLF' (encoding: OT1).
(microtype)             For optimal results, create family-specific settings.
(microtype)             See the microtype manual for details.
LaTeX Font Info:    Font shape `OT1/LinuxLibertineT-TLF/m/n' will be
(Font)              scaled to size 7.3pt on input line 108.
LaTeX Font Info:    Font shape `OML/nxlmi/m/it' will be
(Font)              scaled to size 10.0pt on input line 108.
LaTeX Font Info:    Font shape `OML/nxlmi/m/it' will be
(Font)              scaled to size 7.3pt on input line 108.
LaTeX Font Info:    Font shape `LMS/ntxsy/m/n' will be
(Font)              scaled to size 10.0pt on input line 108.
LaTeX Font Info:    Font shape `LMS/ntxsy/m/n' will be
(Font)              scaled to size 7.3pt on input line 108.
LaTeX Font Info:    Font shape `LMX/ntxexx/m/n' will be
(Font)              scaled to size 10.0pt on input line 108.
LaTeX Font Info:    Font shape `LMX/ntxexx/m/n' will be
(Font)              scaled to size 7.3pt on input line 108.

(/usr/local/texlive/2025basic/texmf-dist/tex/latex/microtype/mt-msa.cfg
File: mt-msa.cfg 2006/02/04 v1.1 microtype config. file: AMS symbols (a) (RS)
)
(/usr/local/texlive/2025basic/texmf-dist/tex/latex/microtype/mt-msb.cfg
File: mt-msb.cfg 2005/06/01 v1.0 microtype config. file: AMS symbols (b) (RS)
)
LaTeX Font Info:    Font shape `U/ntxmia/m/it' will be
(Font)              scaled to size 10.0pt on input line 108.
LaTeX Font Info:    Font shape `U/ntxmia/m/it' will be
(Font)              scaled to size 7.3pt on input line 108.
LaTeX Font Info:    Font shape `U/ntxsym/m/n' will be
(Font)              scaled to size 10.0pt on input line 108.
LaTeX Font Info:    Font shape `U/ntxsym/m/n' will be
(Font)              scaled to size 7.3pt on input line 108.
LaTeX Font Info:    Font shape `U/ntxsyc/m/n' will be
(Font)              scaled to size 10.0pt on input line 108.
LaTeX Font Info:    Font shape `U/ntxsyc/m/n' will be
(Font)              scaled to size 7.3pt on input line 108.
LaTeX Font Info:    Font shape `U/ntxexa/m/n' will be
(Font)              scaled to size 10.0pt on input line 108.
LaTeX Font Info:    Font shape `U/ntxexa/m/n' will be
(Font)              scaled to size 7.3pt on input line 108.
LaTeX Font Info:    Font shape `T1/LinuxLibertineT-TLF/m/it' will be
(Font)              scaled to size 10.0pt on input line 108.
LaTeX Font Info:    Font shape `OT1/LinuxLibertineT-TLF/m/it' will be
(Font)              scaled to size 10.0pt on input line 108.
LaTeX Font Info:    Font shape `OT1/LinuxLibertineT-TLF/m/it' will be
(Font)              scaled to size 7.3pt on input line 108.
LaTeX Font Info:    Font shape `OT1/LinuxLibertineT-TLF/m/it' will be
(Font)              scaled to size 5.5pt on input line 108.
LaTeX Font Info:    Trying to load font information for T1+zi4 on input line 10
8.

(/usr/local/texlive/2025basic/texmf-dist/tex/latex/inconsolata/t1zi4.fd
File: t1zi4.fd 2018/01/14 T1/zi4 (Inconsolata)
)
LaTeX Font Info:    Font shape `T1/zi4/m/n' will be
(Font)              scaled to size 10.0pt on input line 108.
Package microtype Info: Loading generic protrusion settings for font family
(microtype)             `zi4' (encoding: T1).
(microtype)             For optimal results, create family-specific settings.
(microtype)             See the microtype manual for details.
LaTeX Font Info:    Font shape `T1/LinuxLibertineT-TLF/m/sc' will be
(Font)              scaled to size 10.0pt on input line 108.

Overfull \hbox (11.78432pt too wide) in paragraph at lines 108--108
[]\T1/LinuxLibertineT-TLF/m/n/10 (-20) Our sec-ond con-tri-bu-tion is de-cid-ab
il-ity. For finitely-generated
 []

LaTeX Font Info:    Font shape `T1/LinuxLibertineT-TLF/b/it' will be
(Font)              scaled to size 10.0pt on input line 108.

Overfull \hbox (4.63838pt too wide) in paragraph at lines 108--108
\T1/LinuxLibertineT-TLF/m/n/10 (-20) ef-fects, quan-ti-ta-tive types, de-cid-ab
il-ity, PSPACE-completeness,
 []

LaTeX Font Info:    Font shape `T1/LinuxLibertineT-TLF/m/n' will be
(Font)              scaled to size 9.0pt on input line 108.
LaTeX Font Info:    Font shape `T1/LinuxLibertineT-TLF/b/n' will be
(Font)              scaled to size 9.0pt on input line 108.
LaTeX Font Info:    Font shape `T1/LinuxLibertineT-TLF/m/it' will be
(Font)              scaled to size 9.0pt on input line 108.
LaTeX Font Info:    Font shape `T1/LinuxLibertineT-TLF/m/n' will be
(Font)              scaled to size 7.3pt on input line 121.
LaTeX Font Info:    Font shape `T1/LinuxLibertineT-TLF/m/n' will be
(Font)              scaled to size 5.5pt on input line 121.

Underfull \vbox (badness 1931) has occurred while \output is active []





LaTeX Font Info:    Font shape `T1/LinuxLibertineT-TLF/m/n' will be
(Font)              scaled to size 7.0pt on input line 171.
[1.1{/usr/local/texlive/2025basic/texmf-var/fonts/map/pdftex/updmap/pdftex.map}
{/usr/local/texlive/2025basic/texmf-dist/fonts/enc/dvips/libertine/lbtn_76gpa5.
enc}{/usr/local/texlive/2025basic/texmf-dist/fonts/enc/dvips/libertine/lbtn_nh7
7jq.enc}

{/usr/local/texlive/2025basic/texmf-dist/fonts/enc/dvips/libertine/lbtn_7grukw.
enc}{/usr/local/texlive/2025basic/texmf-dist/fonts/enc/dvips/libertine/lbtn_kij
ugd.enc}{/usr/local/texlive/2025basic/texmf-dist/fonts/enc/dvips/libertine/lbtn
_oexx6f.enc}{/usr/local/texlive/2025basic/texmf-dist/fonts/enc/dvips/inconsolat
a/i4-t1-4.enc}{/usr/local/texlive/2025basic/texmf-dist/fonts/enc/dvips/libertin
e/lbtn_ncsllp.enc}{/usr/local/texlive/2025basic/texmf-dist/fonts/enc/dvips/libe
rtine/lbtn_ki75ao.enc}]
LaTeX Font Info:    Font shape `OT1/LinuxLibertineT-TLF/m/n' will be
(Font)              scaled to size 9.0pt on input line 183.
LaTeX Font Info:    Font shape `OT1/LinuxLibertineT-TLF/m/n' will be
(Font)              scaled to size 6.6pt on input line 183.
LaTeX Font Info:    Font shape `OML/nxlmi/m/it' will be
(Font)              scaled to size 9.0pt on input line 183.
LaTeX Font Info:    Font shape `OML/nxlmi/m/it' will be
(Font)              scaled to size 6.6pt on input line 183.
LaTeX Font Info:    Font shape `LMS/ntxsy/m/n' will be
(Font)              scaled to size 9.0pt on input line 183.
LaTeX Font Info:    Font shape `LMS/ntxsy/m/n' will be
(Font)              scaled to size 6.6pt on input line 183.
LaTeX Font Info:    Font shape `LMX/ntxexx/m/n' will be
(Font)              scaled to size 9.0pt on input line 183.
LaTeX Font Info:    Font shape `LMX/ntxexx/m/n' will be
(Font)              scaled to size 6.6pt on input line 183.
LaTeX Font Info:    Font shape `OT1/LinuxLibertineT-TLF/m/it' will be
(Font)              scaled to size 9.0pt on input line 183.
LaTeX Font Info:    Font shape `OT1/LinuxLibertineT-TLF/m/it' will be
(Font)              scaled to size 6.6pt on input line 183.
LaTeX Font Info:    Font shape `U/ntxmia/m/it' will be
(Font)              scaled to size 9.0pt on input line 183.
LaTeX Font Info:    Font shape `U/ntxmia/m/it' will be
(Font)              scaled to size 6.6pt on input line 183.
LaTeX Font Info:    Font shape `U/ntxsym/m/n' will be
(Font)              scaled to size 9.0pt on input line 183.
LaTeX Font Info:    Font shape `U/ntxsym/m/n' will be
(Font)              scaled to size 6.6pt on input line 183.
LaTeX Font Info:    Font shape `U/ntxsyc/m/n' will be
(Font)              scaled to size 9.0pt on input line 183.
LaTeX Font Info:    Font shape `U/ntxsyc/m/n' will be
(Font)              scaled to size 6.6pt on input line 183.
LaTeX Font Info:    Font shape `U/ntxexa/m/n' will be
(Font)              scaled to size 9.0pt on input line 183.
LaTeX Font Info:    Font shape `U/ntxexa/m/n' will be
(Font)              scaled to size 6.6pt on input line 183.

Underfull \hbox (badness 10000) in paragraph at lines 187--187
[]|\T1/LinuxLibertineT-TLF/m/n/9 (+20) Classical SL
 []

LaTeX Font Info:    Font shape `T1/LinuxLibertineT-TLF/b/sc' will be
(Font)              scaled to size 9.0pt on input line 190.

Underfull \vbox (badness 2418) has occurred while \output is active []




LaTeX Warning: Reference `sec:background' on page 2 undefined on input line 262
.

LaTeX Font Info:    Font shape `T1/LinuxLibertineT-TLF/b/sc' will be
(Font)              scaled to size 10.0pt on input line 266.

LaTeX Warning: Reference `sec:casestudy' on page 2 undefined on input line 284.


LaTeX Font Info:    Font shape `OT1/LinuxLibertineT-TLF/sb/n' will be
(Font)              scaled to size 9.0pt on input line 310.
LaTeX Font Info:    Font shape `OT1/LinuxLibertineT-TLF/sb/n' will be
(Font)              scaled to size 6.6pt on input line 310.
LaTeX Font Info:    Font shape `OT1/LinuxLibertineT-TLF/sb/n' will be
(Font)              scaled to size 5.5pt on input line 310.

LaTeX Warning: Reference `sec:background' on page 2 undefined on input line 310
.


LaTeX Warning: Reference `sec:background' on page 2 undefined on input line 311
.


LaTeX Warning: Reference `sec:background' on page 2 undefined on input line 312
.


LaTeX Warning: Reference `sec:background' on page 2 undefined on input line 313
.


LaTeX Warning: Reference `sec:background' on page 2 undefined on input line 314
.


LaTeX Warning: Reference `sec:background' on page 2 undefined on input line 315
.

LaTeX Font Info:    Font shape `T1/LinuxLibertineT-TLF/m/sc' will be
(Font)              scaled to size 9.0pt on input line 323.
LaTeX Font Info:    Font shape `T1/LinuxLibertineT-TLF/m/n' will be
(Font)              scaled to size 6.6pt on input line 323.


LaTeX Font Info:    Trying to load font information for T1+LinuxBiolinumT-TLF o
n input line 327.

(/usr/local/texlive/2025basic/texmf-dist/tex/latex/libertine/T1LinuxBiolinumT-T
LF.fd
File: T1LinuxBiolinumT-TLF.fd 2017/03/20 (autoinst) Font definitions for T1/Lin
uxBiolinumT-TLF.
)
LaTeX Font Info:    Font shape `T1/LinuxBiolinumT-TLF/m/n' will be
(Font)              scaled to size 10.0pt on input line 327.
Package microtype Info: Loading generic protrusion settings for font family
(microtype)             `LinuxBiolinumT-TLF' (encoding: T1).
(microtype)             For optimal results, create family-specific settings.
(microtype)             See the microtype manual for details.
LaTeX Font Info:    Font shape `T1/LinuxBiolinumT-TLF/m/n' will be
(Font)              scaled to size 8.0pt on input line 327.
 [2.2{/usr/local/texlive/2025basic/texmf-dist/fonts/enc/dvips/libertine/lbtn_25
tcsq.enc}{/usr/local/texlive/2025basic/texmf-dist/fonts/enc/dvips/libertine/lbt
n_tlukpt.enc}]
LaTeX Font Info:    Font shape `OT1/LinuxLibertineT-TLF/sb/n' will be
(Font)              scaled to size 10.0pt on input line 333.
LaTeX Font Info:    Font shape `OT1/LinuxLibertineT-TLF/sb/n' will be
(Font)              scaled to size 7.3pt on input line 333.

Overfull \hbox (5.59444pt too wide) in paragraph at lines 368--375
[][]\T1/LinuxLibertineT-TLF/b/n/10 (-20) Example 1.4 \T1/LinuxLibertineT-TLF/m/
n/10 (-20) (Cache re-source monoid)\T1/LinuxLibertineT-TLF/b/n/10 (-20) . []\T1
/LinuxLibertineT-TLF/m/n/10 (-20) Let $\OML/nxlmi/m/it/10 I \U/ntxmia/m/it/10 =
 \LMS/ntxsy/m/n/10 Pą[]ş$
 []




Overfull \hbox (46.88913pt too wide) in paragraph at lines 414--415
[]$\OML/nxlmi/m/it/10 C[]\LMS/ntxsy/m/n/10 ą\OML/nxlmi/m/it/10 M; A\LMS/ntxsy/m
/n/10 ş \U/ntxmia/m/it/10 = \LMS/ntxsy/m/n/10 f\OML/nxlmi/m/it/10 f \OT1/LinuxL
ibertineT-TLF/m/n/10 (-20) : \OML/nxlmi/m/it/10 M[] \LMS/ntxsy/m/n/10 ! \OML/nx
lmi/m/it/10 A \LMS/ntxsy/m/n/10 j \OML/nxlmi/m/it/10 f[]e\LMS/ntxsy/m/n/10 g$\T
1/LinuxLibertineT-TLF/m/n/10 (-20) . 
 []


Overfull \hbox (6.48236pt too wide) in paragraph at lines 433--434
[][]$\OML/nxlmi/m/it/10 f \LMS/ntxsy/m/n/10 2
 []



[3.3{/usr/local/texlive/2025basic/texmf-dist/fonts/enc/dvips/libertine/lbtn_fyg
cup.enc}]
Overfull \hbox (1.57964pt too wide) in paragraph at lines 491--493
[][]\T1/LinuxLibertineT-TLF/b/n/10 (-20) Definition 1.13 \T1/LinuxLibertineT-TL
F/m/n/10 (-20) (In-ter-fer-ence cochain)\T1/LinuxLibertineT-TLF/b/n/10 (-20) . 
[]\T1/LinuxLibertineT-TLF/m/n/10 (-20) Given $\LMS/ntxsy/m/n/10 ą\OML/nxlmi/m/i
t/10 M; \LMS/ntxsy/m/n/10 ^^H\OML/nxlmi/m/it/10 ; e; []; R\LMS/ntxsy/m/n/10 ş$\
T1/LinuxLibertineT-TLF/m/n/10 (-20) ,
 []


Overfull \hbox (3.02061pt too wide) in paragraph at lines 521--523
[][]\T1/LinuxLibertineT-TLF/b/n/10 (-20) Example 1.15 \T1/LinuxLibertineT-TLF/m
/n/10 (-20) (Com-put-ing $\OML/nxlmi/m/it/10 c$ \T1/LinuxLibertineT-TLF/m/n/10 
(-20) for prob-a-bil-ity re-source monoid)\T1/LinuxLibertineT-TLF/b/n/10 (-20) 
.
 []




Overfull \hbox (26.09135pt too wide) in paragraph at lines 537--540
[][]\T1/LinuxLibertineT-TLF/b/n/10 (-20) Theorem 1.16 \T1/LinuxLibertineT-TLF/m
/n/10 (-20) (Co-cy-cle iden-tity; \T1/zi4/m/n/10 cocycleClosed\T1/LinuxLibertin
eT-TLF/m/n/10 (-20) [\T1/zi4/m/n/10 Cocycle.lean\T1/LinuxLibertineT-TLF/m/n/10 
(-20) ],
 []

LaTeX Font Info:    Font shape `T1/LinuxLibertineT-TLF/m/it' will be
(Font)              scaled to size 7.3pt on input line 541.
LaTeX Font Info:    Font shape `T1/LinuxLibertineT-TLF/m/it' will be
(Font)              scaled to size 5.5pt on input line 541.


[4.4]
Overfull \hbox (6.13039pt too wide) in paragraph at lines 626--632
[][]\T1/LinuxLibertineT-TLF/b/n/10 (-20) Remark 1.22 \T1/LinuxLibertineT-TLF/m/
n/10 (-20) (When does the co-cy-cle norm van-ish?)\T1/LinuxLibertineT-TLF/b/n/1
0 (-20) . []$\LMS/ntxsy/m/n/10 k\OML/nxlmi/m/it/10 c\LMS/ntxsy/m/n/10 k[] \U/nt
xmia/m/it/10 =
 []


Overfull \hbox (16.50616pt too wide) in paragraph at lines 651--657
[][]\T1/LinuxLibertineT-TLF/b/n/10 (-20) Example 1.24 \T1/LinuxLibertineT-TLF/m
/n/10 (-20) (Non-triv-ial co-cy-cle on $\U/ntxsym/m/n/10 Z[]$\T1/LinuxLibertine
T-TLF/m/n/10 (-20) )\T1/LinuxLibertineT-TLF/b/n/10 (-20) . []\T1/LinuxLibertine
T-TLF/m/n/10 (-20) De-fine $[] \OT1/LinuxLibertineT-TLF/m/n/10 (-20) : \LMS/ntx
sy/m/n/10 ą\U/ntxsym/m/n/10 Z[]\OML/nxlmi/m/it/10 ; \LMS/ntxsy/m/n/10 Ď\OML/nxl
mi/m/it/10 ; \OT1/LinuxLibertineT-TLF/sb/n/10 (-20) 0\LMS/ntxsy/m/n/10 ş ^^B
 []


Overfull \hbox (58.13098pt too wide) detected at line 660
[]
 []


Overfull \hbox (9.98196pt too wide) in paragraph at lines 667--672
[][]\T1/LinuxLibertineT-TLF/b/n/10 (-20) Example 1.25 \T1/LinuxLibertineT-TLF/m
/n/10 (-20) (IO read-/write ef-fects)\T1/LinuxLibertineT-TLF/b/n/10 (-20) . []\
T1/LinuxLibertineT-TLF/m/n/10 (-20) Let $\OML/nxlmi/m/it/10 M \U/ntxmia/m/it/10
 = \LMS/ntxsy/m/n/10 f\OML/nxlmi/m/it/10 "; []; []; []\LMS/ntxsy/m/n/10 g$
 []




Overfull \hbox (16.67702pt too wide) in paragraph at lines 700--713
 [][] 
 []

LaTeX Font Info:    Font shape `T1/LinuxLibertineT-TLF/b/sc' will be
(Font)              scaled to size 12.0pt on input line 716.

LaTeX Warning: Reference `sec:casestudy' on page 5 undefined on input line 723.



Overfull \hbox (9.10852pt too wide) in paragraph at lines 744--747
 []\T1/LinuxLibertineT-TLF/b/it/10 (-20) Small-step se-man-tics.[] \T1/LinuxLib
ertineT-TLF/m/n/10 (-20) The small-step re-la-tion $\LMS/ntxsy/m/n/10 h\OML/nxl
mi/m/it/10 c; ^^[; h; ^^T\LMS/ntxsy/m/n/10 i []
 []


Overfull \hbox (16.9664pt too wide) in paragraph at lines 753--757
\LMS/ntxsy/m/n/10 h[] \OML/nxlmi/m/it/10 x \LMS/ntxsy/m/n/10   »\OML/nxlmi/m/it
/10 e\LMS/ntxsy/m/n/10 Ľ\OML/nxlmi/m/it/10 ; ^^[; h; ^^T\LMS/ntxsy/m/n/10 i [] 
h[]\OML/nxlmi/m/it/10 ; ^^[\LMS/ntxsy/m/n/10 »\OML/nxlmi/m/it/10 x \LMS/ntxsy/m
/n/10 7! \OML/nxlmi/m/it/10 h\LMS/ntxsy/m/n/10 ą\OML/nxlmi/m/it/10 a\LMS/ntxsy/
m/n/10 şĽ\OML/nxlmi/m/it/10 ; h; ^^T\LMS/ntxsy/m/n/10 »\OML/nxlmi/m/it/10 ` \LM
S/ntxsy/m/n/10 7!
 []



[5.5]


Overfull \hbox (17.40044pt too wide) detected at line 913
[] []
 []


Class acmart Warning: A possible image without description on input line 919.


Overfull \hbox (4.12067pt too wide) detected at line 947
[]
 []



[6.6]
LaTeX Font Info:    Font shape `T1/LinuxLibertineT-TLF/m/scit' will be
(Font)              scaled to size 10.0pt on input line 989.



Package hyperref Warning: Token not allowed in a PDF string (Unicode):
(hyperref)                removing `math shift' on input line 1012.


Package hyperref Warning: Token not allowed in a PDF string (Unicode):
(hyperref)                removing `\lambda' on input line 1012.


Package hyperref Warning: Token not allowed in a PDF string (Unicode):
(hyperref)                removing `math shift' on input line 1012.


Package hyperref Warning: Token not allowed in a PDF string (Unicode):
(hyperref)                removing `math shift' on input line 1012.


Package hyperref Warning: Token not allowed in a PDF string (Unicode):
(hyperref)                removing `\Lambda' on input line 1012.


Package hyperref Warning: Token not allowed in a PDF string (Unicode):
(hyperref)                removing `subscript' on input line 1012.


Package hyperref Warning: Token not allowed in a PDF string (Unicode):
(hyperref)                removing `math shift' on input line 1012.


Overfull \hbox (25.12076pt too wide) in paragraph at lines 1052--1057
\T1/LinuxLibertineT-TLF/m/n/10 (-20) source $\OML/nxlmi/m/it/10 k$ \T1/LinuxLib
ertineT-TLF/m/n/10 (-20) to con-text in-tro-duces a de-fect $\LMS/ntxsy/m/n/10 
k\OML/nxlmi/m/it/10 c\LMS/ntxsy/m/n/10 ą\OML/nxlmi/m/it/10 m; k\LMS/ntxsy/m/n/1
0 şk \U/ntxmia/m/it/10 = [][] \LMS/ntxsy/m/n/10 j\OML/nxlmi/m/it/10 c\LMS/ntxsy
/m/n/10 ą\OML/nxlmi/m/it/10 m; k; d\LMS/ntxsy/m/n/10 şj$\T1/LinuxLibertineT-TLF
/m/n/10 (-20) .
 []



[7.7{/usr/local/texlive/2025basic/texmf-dist/fonts/enc/dvips/libertine/lbtn_iqb
cqn.enc}]
LaTeX Font Info:    Font shape `T1/LinuxLibertineT-TLF/b/scit' will be
(Font)              scaled to size 10.0pt on input line 1066.
LaTeX Font Info:    Trying to load font information for OT1+LinuxBiolinumT-TLF 
on input line 1088.

(/usr/local/texlive/2025basic/texmf-dist/tex/latex/libertine/OT1LinuxBiolinumT-
TLF.fd
File: OT1LinuxBiolinumT-TLF.fd 2017/03/20 (autoinst) Font definitions for OT1/L
inuxBiolinumT-TLF.
)
LaTeX Font Info:    Font shape `OT1/LinuxBiolinumT-TLF/m/n' will be
(Font)              scaled to size 10.0pt on input line 1088.
Package microtype Info: Loading generic protrusion settings for font family
(microtype)             `LinuxBiolinumT-TLF' (encoding: OT1).
(microtype)             For optimal results, create family-specific settings.
(microtype)             See the microtype manual for details.
LaTeX Font Info:    Font shape `OT1/LinuxBiolinumT-TLF/m/n' will be
(Font)              scaled to size 7.3pt on input line 1088.
LaTeX Font Info:    Font shape `OT1/LinuxBiolinumT-TLF/m/n' will be
(Font)              scaled to size 5.5pt on input line 1088.

Overfull \hbox (61.61275pt too wide) detected at line 1091
\OML/nxlmi/m/it/10 x \OT1/LinuxLibertineT-TLF/m/n/10 :[] []\OML/nxlmi/m/it/10 ;
  [] \OT1/LinuxLibertineT-TLF/m/n/10 :[] []\OML/nxlmi/m/it/10 ;  [] \OT1/LinuxL
ibertineT-TLF/m/n/10 :[] []  \LMS/ntxsy/m/n/10 `  [] \OT1/LinuxLibertineT-TLF/m
/n/10 : [] \LMS/ntxsy/m/n/10 j \OML/nxlmi/m/it/10 m[] \LMS/ntxsy/m/n/10 ^^H \OM
L/nxlmi/m/it/10 m[] \LMS/ntxsy/m/n/10 ^^H \OML/nxlmi/m/it/10 m[]
 []


Overfull \hbox (13.81119pt too wide) detected at line 1098
\OML/nxlmi/m/it/10 "\LMS/ntxsy/m/n/10 ą\OML/nxlmi/m/it/10 m\LMS/ntxsy/m/n/10 ş 
\U/ntxmia/m/it/10 = [] \LMS/ntxsy/m/n/10 k\OML/nxlmi/m/it/10 c\LMS/ntxsy/m/n/10
 ą\OML/nxlmi/m/it/10 m; k\LMS/ntxsy/m/n/10 şk \U/ntxmia/m/it/10 = \LMS/ntxsy/m/
n/10 k\OML/nxlmi/m/it/10 c\LMS/ntxsy/m/n/10 ą[]\OML/nxlmi/m/it/10 ; []\LMS/ntxs
y/m/n/10 şk Ď k\OML/nxlmi/m/it/10 c\LMS/ntxsy/m/n/10 ą[]\OML/nxlmi/m/it/10 ; []
\LMS/ntxsy/m/n/10 şk\OML/nxlmi/m/it/10 :
 []


Overfull \hbox (25.06131pt too wide) in paragraph at lines 1098--1106
\T1/LinuxLibertineT-TLF/m/n/10 (-20) Since \T1/zi4/m/n/10 key \T1/LinuxLibertin
eT-TLF/m/n/10 (-20) and \T1/zi4/m/n/10 data \T1/LinuxLibertineT-TLF/m/n/10 (-20
) are heap-disjoint from the S-box, $\OML/nxlmi/m/it/10 c\LMS/ntxsy/m/n/10 ą[]\
OML/nxlmi/m/it/10 ; []\LMS/ntxsy/m/n/10 ş \U/ntxmia/m/it/10 =
 []


Overfull \hbox (10.70691pt too wide) in paragraph at lines 1121--1123
[][]\T1/LinuxLibertineT-TLF/b/n/10 (-20) Theorem 2.10 \T1/LinuxLibertineT-TLF/m
/n/10 (-20) (Frame triv-i-al-ity iff co-cy-cle class)\T1/LinuxLibertineT-TLF/b/
n/10 (-20) . []\T1/LinuxLibertineT-TLF/m/it/10 (-20) Let $\LMS/ntxsy/m/n/10 ą\O
ML/nxlmi/m/it/10 I; \LMS/ntxsy/m/n/10 ^^H\OML/nxlmi/m/it/10 ; e; []\LMS/ntxsy/m
/n/10 ş$
 []




Class acmart Warning: \vspace should only be used to provide space above/below 
surrounding objects on input line 1181.


Class acmart Warning: \vspace should only be used to provide space above/below 
surrounding objects on input line 1185.


Overfull \hbox (12.58403pt too wide) in paragraph at lines 1186--1188
\T1/LinuxLibertineT-TLF/b/n/10 (-20) Assignment $\OML/nxlmi/m/it/10 x \OT1/Linu
xLibertineT-TLF/m/n/10 (-20) :\U/ntxmia/m/it/10 = \OML/nxlmi/m/it/10 e$\T1/Linu
xLibertineT-TLF/m/n/10 (-20) : $\LMS/ntxsy/m/n/10 É\OML/nxlmi/m/it/10 x \OT1/Li
nuxLibertineT-TLF/m/n/10 (-20) :\U/ntxmia/m/it/10 = \OML/nxlmi/m/it/10 e\LMS/nt
xsy/m/n/10 Ę[]ą\OML/nxlmi/m/it/10 h; ^^[; ^^T\LMS/ntxsy/m/n/10 ş \U/ntxmia/m/it
/10 = \LMS/ntxsy/m/n/10 ą\OML/nxlmi/m/it/10 h; ^^[\LMS/ntxsy/m/n/10 »\OML/nxlmi
/m/it/10 x \LMS/ntxsy/m/n/10 7! É\OML/nxlmi/m/it/10 e\LMS/ntxsy/m/n/10 Ę[]Ľ\OML
/nxlmi/m/it/10 ; ^^T; \OT1/LinuxLibertineT-TLF/m/n/10 (-20) 1\LMS/ntxsy/m/n/10 
ş$\T1/LinuxLibertineT-TLF/m/n/10 (-20) . 
 []


Class acmart Warning: \vspace should only be used to provide space above/below 
surrounding objects on input line 1189.


Overfull \hbox (15.96661pt too wide) in paragraph at lines 1190--1194
\T1/LinuxLibertineT-TLF/b/n/10 (-20) Sequence ($\OML/nxlmi/m/it/10 n > \OT1/Lin
uxLibertineT-TLF/m/n/10 (-20) 0$\T1/LinuxLibertineT-TLF/b/n/10 (-20) ): $\LMS/n
txsy/m/n/10 É\OML/nxlmi/m/it/10 c[]\OT1/LinuxLibertineT-TLF/m/n/10 (-20) ; \OML
/nxlmi/m/it/10 c[]\LMS/ntxsy/m/n/10 Ę[]ą\OML/nxlmi/m/it/10 h; ^^[; ^^T\LMS/ntxs
y/m/n/10 ş \U/ntxmia/m/it/10 = \LMS/ntxsy/m/n/10 É\OML/nxlmi/m/it/10 c[]\LMS/nt
xsy/m/n/10 Ę[]ąÉ\OML/nxlmi/m/it/10 c[]\LMS/ntxsy/m/n/10 Ę[]ą\OML/nxlmi/m/it/10 
h; ^^[; ^^T\LMS/ntxsy/m/n/10 şş$
 []


Class acmart Warning: \vspace should only be used to provide space above/below 
surrounding objects on input line 1195.


Overfull \hbox (12.48473pt too wide) in paragraph at lines 1196--1200
\T1/LinuxLibertineT-TLF/b/n/10 (-20) Load $\OML/nxlmi/m/it/10 x \LMS/ntxsy/m/n/
10   »\OML/nxlmi/m/it/10 e\LMS/ntxsy/m/n/10 Ľ$\T1/LinuxLibertineT-TLF/m/n/10 (-
20) , cache hit (line $\OML/nxlmi/m/it/10 `$ \T1/LinuxLibertineT-TLF/m/n/10 (-2
0) hot): $\LMS/ntxsy/m/n/10 É[] \OML/nxlmi/m/it/10 x \LMS/ntxsy/m/n/10   »\OML/
nxlmi/m/it/10 e\LMS/ntxsy/m/n/10 ĽĘ[]ą\OML/nxlmi/m/it/10 h; ^^[; ^^T\LMS/ntxsy/
m/n/10 ş \U/ntxmia/m/it/10 =
 []


Class acmart Warning: \vspace should only be used to provide space above/below 
surrounding objects on input line 1201.


Class acmart Warning: \vspace should only be used to provide space above/below 
surrounding objects on input line 1208.


Class acmart Warning: \vspace should only be used to provide space above/below 
surrounding objects on input line 1213.



[8.8{/usr/local/texlive/2025basic/texmf-dist/fonts/enc/dvips/libertine/lbtn_jm7
hzd.enc}{/usr/local/texlive/2025basic/texmf-dist/fonts/enc/dvips/libertine/lbtn
_edcawa.enc}]
Runaway argument?
{proof> at most $n$ times; outer $n$ in [While] bounds the maximum un\ETC.
! Paragraph ended before \end  was complete.
<to be read again> 
                   \par 
l.1256 
       
I suspect you've forgotten a `}', causing me to apply this
control sequence to too much text. How can we recover?
My plan is to forget the whole thing and hope for the best.


Overfull \hbox (83.58617pt too wide) in paragraph at lines 1286--1290
\T1/LinuxLibertineT-TLF/m/it/10 (-20) where $\OML/nxlmi/m/it/10 ^^Y[]$ \T1/Linu
xLibertineT-TLF/m/it/10 (-20) projects the out-put tim-ing cost, $\OML/nxlmi/m/
it/10 "[] \U/ntxmia/m/it/10 = [][] \LMS/ntxsy/m/n/10 j\OML/nxlmi/m/it/10 c\LMS/
ntxsy/m/n/10 ą\OML/nxlmi/m/it/10 a; b; d\LMS/ntxsy/m/n/10 şj$\T1/LinuxLibertine
T-TLF/m/it/10 (-20) . 
 []




Overfull \hbox (1.04134pt too wide) in paragraph at lines 1403--1407
[]\T1/LinuxLibertineT-TLF/m/n/10 (-20) The heap bound fol-lows from sound-ness 
(The-o-rem [][]4.1[][])
 []



[9.9]

Class acmart Warning: \vspace should only be used to provide space above/below 
surrounding objects on input line 1422.


Overfull \hbox (10.22581pt too wide) in paragraph at lines 1423--1427
\T1/LinuxLibertineT-TLF/b/n/10 (-20) Case [Skip]: $\U/ntxsym/m/n/10 Ź \LMS/ntxs
y/m/n/10 f\OML/nxlmi/m/it/10 P\LMS/ntxsy/m/n/10 g [] f\OML/nxlmi/m/it/10 P\LMS/
ntxsy/m/n/10 g[]$ \T1/LinuxLibertineT-TLF/m/n/10 (-20) holds be-cause $\LMS/ntx
sy/m/n/10 É[]Ę[]ą\OML/nxlmi/m/it/10 h; \LMS/ntxsy/m/n/10 ^^@\OML/nxlmi/m/it/10 
; \LMS/ntxsy/m/n/10 ^^@ş \U/ntxmia/m/it/10 =
 []


Class acmart Warning: \vspace should only be used to provide space above/below 
surrounding objects on input line 1428.


Class acmart Warning: \vspace should only be used to provide space above/below 
surrounding objects on input line 1435.


Class acmart Warning: \vspace should only be used to provide space above/below 
surrounding objects on input line 1444.


Class acmart Warning: \vspace should only be used to provide space above/below 
surrounding objects on input line 1474.


Class acmart Warning: \vspace should only be used to provide space above/below 
surrounding objects on input line 1479.


Overfull \hbox (2.316pt too wide) in paragraph at lines 1488--1494
\T1/LinuxLibertineT-TLF/m/it/10 (-20) heap sep-a-ra-tion al-ge-bra with $\OT1/L
inuxLibertineT-TLF/m/n/10 (-20) #\LMS/ntxsy/m/n/10 ą\OML/nxlmi/m/it/10 h[]; h[]
\LMS/ntxsy/m/n/10 ş$ \T1/LinuxLibertineT-TLF/m/it/10 (-20) iff $[]\LMS/ntxsy/m/
n/10 ą\OML/nxlmi/m/it/10 h[]\LMS/ntxsy/m/n/10 ş \ []ą\OML/nxlmi/m/it/10 h[]\LMS
/ntxsy/m/n/10 ş \U/ntxmia/m/it/10 =
 []


LaTeX Warning: Reference `sec:casestudy' on page 10 undefined on input line 150
1.




Overfull \hbox (25.17006pt too wide) in paragraph at lines 1515--1519
\T1/LinuxLibertineT-TLF/m/n/10 (-20) By the bi-lin-ear-ity of co-vari-ance (in 
its first ar-gu-ment), $\OML/nxlmi/m/it/10 c\LMS/ntxsy/m/n/10 ą\OML/nxlmi/m/it/
10 ^^V[]; ^^V[]; ^^V[]\LMS/ntxsy/m/n/10 ş \U/ntxmia/m/it/10 =
 []


Overfull \hbox (21.44856pt too wide) detected at line 1546
[]
 []


Overfull \hbox (10.90462pt too wide) detected at line 1574
\OML/nxlmi/m/it/10 c\LMS/ntxsy/m/n/10 ą\OML/nxlmi/m/it/10 m[]; m[]; k\LMS/ntxsy
/m/n/10 ş \U/ntxmia/m/it/10 = \LMS/ntxsy/m/n/10 ją\OML/nxlmi/m/it/10 m[] \LMS/n
txsy/m/n/10 ^^H \OML/nxlmi/m/it/10 m[]\LMS/ntxsy/m/n/10 ş \ \OML/nxlmi/m/it/10 
k\LMS/ntxsy/m/n/10 j ^^@ j\OML/nxlmi/m/it/10 m[] \LMS/ntxsy/m/n/10 \ \OML/nxlmi
/m/it/10 k\LMS/ntxsy/m/n/10 j ^^@ j\OML/nxlmi/m/it/10 m[] \LMS/ntxsy/m/n/10 \ \
OML/nxlmi/m/it/10 k\LMS/ntxsy/m/n/10 j \U/ntxmia/m/it/10 = \LMS/ntxsy/m/n/10 ^^
@j\OML/nxlmi/m/it/10 m[] \LMS/ntxsy/m/n/10 \ \OML/nxlmi/m/it/10 m[] \LMS/ntxsy/
m/n/10 \ \OML/nxlmi/m/it/10 k\LMS/ntxsy/m/n/10 j\OML/nxlmi/m/it/10 :
 []



[10.10]

Package hyperref Warning: Token not allowed in a PDF string (Unicode):
(hyperref)                removing `math shift' on input line 1617.


Package hyperref Warning: Token not allowed in a PDF string (Unicode):
(hyperref)                removing `math shift' on input line 1617.


Overfull \hbox (10.6444pt too wide) in paragraph at lines 1639--1643
[][]\T1/LinuxLibertineT-TLF/b/n/10 (-20) Lemma 6.2 \T1/LinuxLibertineT-TLF/m/n/
10 (-20) (Con-gru-ence; \T1/zi4/m/n/10 k_indist_congr\T1/LinuxLibertineT-TLF/m/
n/10 (-20) [\T1/zi4/m/n/10 SepLogic.lean\T1/LinuxLibertineT-TLF/m/n/10 (-20) ])
\T1/LinuxLibertineT-TLF/b/n/10 (-20) .
 []




Overfull \hbox (3.43056pt too wide) in paragraph at lines 1656--1659
\T1/LinuxLibertineT-TLF/m/n/10 (-20) grams $\OML/nxlmi/m/it/10 P$ \T1/LinuxLibe
rtineT-TLF/m/n/10 (-20) and $\OML/nxlmi/m/it/10 Q$ \T1/LinuxLibertineT-TLF/m/n/
10 (-20) are $\OML/nxlmi/m/it/10 k$\T1/LinuxLibertineT-TLF/m/it/10 (-20) -cocyc
le equiv-a-lent \T1/LinuxLibertineT-TLF/m/n/10 (-20) ($\OML/nxlmi/m/it/10 P \LM
S/ntxsy/m/n/10 ^^X[] \OML/nxlmi/m/it/10 Q$\T1/LinuxLibertineT-TLF/m/n/10 (-20) 
) if $\LMS/ntxsy/m/n/10 »[]ą\OML/nxlmi/m/it/10 P\LMS/ntxsy/m/n/10 şĽ[] \U/ntxmi
a/m/it/10 =
 []



[11.11]
Overfull \hbox (13.49269pt too wide) in paragraph at lines 1742--1745
[][]\T1/LinuxLibertineT-TLF/b/n/10 (-20) Theorem 6.8 \T1/LinuxLibertineT-TLF/m/
n/10 (-20) (De-cid-abil-ity and com-plex-ity)\T1/LinuxLibertineT-TLF/b/n/10 (-2
0) . []\T1/LinuxLibertineT-TLF/m/it/10 (-20) Let $\OML/nxlmi/m/it/10 M \U/ntxmi
a/m/it/10 = \LMS/ntxsy/m/n/10 ą\OML/nxlmi/m/it/10 I; \LMS/ntxsy/m/n/10 ^^H\OML/
nxlmi/m/it/10 ; e; []\LMS/ntxsy/m/n/10 ş$
 []

LaTeX Font Info:    Font shape `T1/zi4/m/n' will be
(Font)              scaled to size 8.0pt on input line 1769.
LaTeX Font Info:    Font shape `OT1/LinuxLibertineT-TLF/sb/n' will be
(Font)              scaled to size 8.0pt on input line 1770.
LaTeX Font Info:    Font shape `OT1/LinuxLibertineT-TLF/sb/n' will be
(Font)              scaled to size 6.0pt on input line 1770.
LaTeX Font Info:    Font shape `OT1/LinuxBiolinumT-TLF/m/n' will be
(Font)              scaled to size 8.0pt on input line 1770.
LaTeX Font Info:    Font shape `OT1/LinuxBiolinumT-TLF/m/n' will be
(Font)              scaled to size 6.0pt on input line 1770.
LaTeX Font Info:    Font shape `OT1/LinuxLibertineT-TLF/m/it' will be
(Font)              scaled to size 8.0pt on input line 1770.
LaTeX Font Info:    Font shape `OT1/LinuxLibertineT-TLF/m/it' will be
(Font)              scaled to size 6.0pt on input line 1770.

Class acmart Warning: A possible image without description on input line 1786.




Overfull \hbox (21.06319pt too wide) in paragraph at lines 1830--1833
[]\T1/LinuxLibertineT-TLF/m/n/10 (-20) We re-duce from TQBF. Let $\U/ntxmia/m/i
t/10 ^^H = \OML/nxlmi/m/it/10 Q[]x[] [] Q[]x[]: ^^^\LMS/ntxsy/m/n/10 ą\OML/nxlm
i/m/it/10 x[]; [] ; x[]\LMS/ntxsy/m/n/10 ş$
 []


Class acmart Warning: \vspace should only be used to provide space above/below 
surrounding objects on input line 1834.


Class acmart Warning: \vspace should only be used to provide space above/below 
surrounding objects on input line 1841.


Class acmart Warning: \vspace should only be used to provide space above/below 
surrounding objects on input line 1854.


Class acmart Warning: \vspace should only be used to provide space above/below 
surrounding objects on input line 1870.


Class acmart Warning: \vspace should only be used to provide space above/below 
surrounding objects on input line 1874.



[12.12
! Font \csname\endcsname=txsyc at 10.0pt not loadable: Metric (TFM) file not fo
und.
<argument> ...shipout:D \box_use:N \l_shipout_box 
                                                  \__shipout_drop_firstpage_...
l.1892 \end{remark}
                   
I wasn't able to read the size data for this font,
so I will ignore the font specification.
[Wizards can fix TFM files using TFtoPL/PLtoTF.]
You might try inserting a different font spec;
e.g., type `I\font<same font id>=<substitute font name>'.

Missing character: There is no . in font nullfont!
]


LaTeX Font Warning: Font shape `T1/zi4/m/it' undefined
(Font)              using `T1/zi4/m/n' instead on input line 1998.


Overfull \hbox (9.84373pt too wide) in paragraph at lines 2020--2023
\T1/LinuxLibertineT-TLF/m/n/10 (-20) The de-fect bound is: $\OML/nxlmi/m/it/10 
"[] \U/ntxmia/m/it/10 = [][] \LMS/ntxsy/m/n/10 j\OML/nxlmi/m/it/10 c\LMS/ntxsy/
m/n/10 ą\OML/nxlmi/m/it/10 a; b; d\LMS/ntxsy/m/n/10 şj ^^T
 []



[13.13]
Overfull \hbox (58.17003pt too wide) in paragraph at lines 2101--2106
\T1/LinuxLibertineT-TLF/m/n/10 (-20) fect for the key/-data por-tions is: $[][]
 \LMS/ntxsy/m/n/10 j\OML/nxlmi/m/it/10 c\LMS/ntxsy/m/n/10 ą\OML/nxlmi/m/it/10 a
; b; d\LMS/ntxsy/m/n/10 şj \U/ntxmia/m/it/10 =
 []




Overfull \hbox (45.02779pt too wide) in paragraph at lines 2143--2147
\T1/LinuxLibertineT-TLF/m/n/10 (-20) The Lean 4 ar-ti-fact con-sists of the fil
e \T1/zi4/m/it/10 lean/IdeaTheory/Cocycle.lean
 []


Underfull \hbox (badness 10000) in paragraph at lines 2149--2149
[]\T1/LinuxLibertineT-TLF/b/n/10 (+20) Table 4. |\T1/LinuxLibertineT-TLF/m/n/10
 (+20) Lean 4 the-o-rems in
 []

LaTeX Font Info:    Font shape `OT1/LinuxBiolinumT-TLF/m/n' will be
(Font)              scaled to size 9.0pt on input line 2152.
LaTeX Font Info:    Font shape `OT1/LinuxBiolinumT-TLF/m/n' will be
(Font)              scaled to size 6.6pt on input line 2152.
LaTeX Font Info:    Font shape `T1/zi4/m/n' will be
(Font)              scaled to size 9.0pt on input line 2156.
LaTeX Font Info:    Trying to load font information for TS1+LinuxLibertineT-TLF
 on input line 2169.

(/usr/local/texlive/2025basic/texmf-dist/tex/latex/libertine/TS1LinuxLibertineT
-TLF.fd
File: TS1LinuxLibertineT-TLF.fd 2017/03/20 (autoinst) Font definitions for TS1/
LinuxLibertineT-TLF.
)
LaTeX Font Info:    Font shape `TS1/LinuxLibertineT-TLF/m/n' will be
(Font)              scaled to size 9.0pt on input line 2169.
Package microtype Info: Loading generic protrusion settings for font family
(microtype)             `LinuxLibertineT-TLF' (encoding: TS1).
(microtype)             For optimal results, create family-specific settings.
(microtype)             See the microtype manual for details.

Overfull \hbox (50.44441pt too wide) in paragraph at lines 2152--2175
 [][] 
 []

LaTeX Font Info:    Font shape `T1/zi4/b/n' will be
(Font)              scaled to size 10.0pt on input line 2177.

LaTeX Warning: Reference `sec:background' on page 14 undefined on input line 21
84.



[14.14{/usr/local/texlive/2025basic/texmf-dist/fonts/enc/dvips/libertine/lbtn_n
aooyc.enc}]
Overfull \hbox (41.72386pt too wide) in paragraph at lines 2276--2278
\T1/LinuxLibertineT-TLF/m/n/10 (-20) The core the-o-rem \T1/zi4/m/it/10 cocycle
Closed \T1/LinuxLibertineT-TLF/m/n/10 (-20) does not re-quire \T1/zi4/m/it/10 C
lassical.choice
 []




Overfull \hbox (11.75522pt too wide) in paragraph at lines 2315--2319
\T1/LinuxLibertineT-TLF/m/n/10 (-20) prepara-tory \T1/zi4/m/it/10 rw [add_assoc
] \T1/LinuxLibertineT-TLF/m/n/10 (-20) and \T1/zi4/m/it/10 P.add_right \T1/Linu
xLibertineT-TLF/m/n/10 (-20) rewrites,
 []


Overfull \hbox (74.99548pt too wide) in paragraph at lines 2334--2341
\T1/zi4/m/it/10 IdeaTheoryStructure \T1/LinuxLibertineT-TLF/m/n/10 (-20) type-c
lass from \T1/zi4/m/it/10 lean/IdeaTheory/Foundations.lean
 []


Overfull \hbox (15.9923pt too wide) in paragraph at lines 2334--2341
\T1/LinuxLibertineT-TLF/m/n/10 (-20) (as-so-cia-tiv-ity, iden-tity, left-/right
 iden-tity) is the non-commutative
 []



[15.15
Missing character: There is no . in font nullfont!
]
Overfull \hbox (2.69145pt too wide) in paragraph at lines 2382--2389
\T1/LinuxLibertineT-TLF/m/n/10 (-20) fers from ours (re-source in-ter-fer-ence 
bounds). The Hochschild
 []


Overfull \hbox (26.72539pt too wide) in paragraph at lines 2391--2404
 []\T1/LinuxLibertineT-TLF/b/it/10 (-20) Decidability of pro-gram equiv-a-lence
.[] \T1/LinuxLibertineT-TLF/m/n/10 (-20) Ong and Tzevelekos [[]]
 []




Overfull \hbox (9.79958pt too wide) in paragraph at lines 2427--2434
 []\T1/LinuxLibertineT-TLF/b/it/10 (-20) Probabilistic and ap-prox-i-mate pro-g
ram log-ics.[] \T1/LinuxLibertineT-TLF/m/n/10 (-20) LiLAC [[]]
 []


Underfull \vbox (badness 2698) has occurred while \output is active []



[16.16]
Overfull \hbox (2.68745pt too wide) in paragraph at lines 2469--2479
\T1/LinuxLibertineT-TLF/m/n/10 (-20) The present pa-per ex-tracts the purely co
m-pu-ta-tional content---
 []




LaTeX Warning: Reference `sec:background' on page 17 undefined on input line 25
36.



[17.17]
Underfull \vbox (badness 3884) has occurred while \output is active []




Overfull \hbox (18.07709pt too wide) in paragraph at lines 2624--2630
[]\T1/LinuxLibertineT-TLF/b/n/10 (-20) Connection to prob-a-bilis-tic co-her-en
ce. \T1/LinuxLibertineT-TLF/m/n/10 (-20) The Hochschild
 []


LaTeX Warning: Reference `def:rl' on page 18 undefined on input line 2687.


Underfull \vbox (badness 2326) has occurred while \output is active []



[18.18]
Overfull \hbox (80.58904pt too wide) detected at line 2744
[]\LMS/ntxsy/m/n/10 ą\OML/nxlmi/m/it/10 P[]\LMS/ntxsy/m/n/10 ş \U/ntxmia/m/it/1
0 = \LMS/ntxsy/m/n/10 f\OML/nxlmi/m/it/10 a[] \LMS/ntxsy/m/n/10 ^^H \OML/nxlmi/
m/it/10 a[] \LMS/ntxsy/m/n/10 ^^H [] ^^H \OML/nxlmi/m/it/10 a[] \LMS/ntxsy/m/n/
10 j \OML/nxlmi/m/it/10 a[] \LMS/ntxsy/m/n/10 2 f\OT1/LinuxLibertineT-TLF/m/n/1
0 0\OML/nxlmi/m/it/10 ; e[]\LMS/ntxsy/m/n/10 g\OML/nxlmi/m/it/10 ;  \LMS/ntxsy/
m/n/10 8[]g
 []




Overfull \hbox (21.4659pt too wide) detected at line 2768
[]\LMS/ntxsy/m/n/10 ą\OML/nxlmi/m/it/10 a \LMS/ntxsy/m/n/10 ^^H \OML/nxlmi/m/it
/10 a[]; d\LMS/ntxsy/m/n/10 ş ^^@ []ą\OT1/LinuxLibertineT-TLF/sb/n/10 0 \LMS/nt
xsy/m/n/10 ^^H \OML/nxlmi/m/it/10 a[]; d\LMS/ntxsy/m/n/10 ş \U/ntxmia/m/it/10 =
 []\LMS/ntxsy/m/n/10 ą\OML/nxlmi/m/it/10 a; d\LMS/ntxsy/m/n/10 ş Ď \OML/nxlmi/m
/it/10 c\LMS/ntxsy/m/n/10 ą\OML/nxlmi/m/it/10 a; a[]; d\LMS/ntxsy/m/n/10 ş \U/n
txmia/m/it/10 = \LMS/ntxsy/m/n/10 h\OML/nxlmi/m/it/10 a; d\LMS/ntxsy/m/n/10 i ^
^@ \OT1/LinuxLibertineT-TLF/m/n/10 2\LMS/ntxsy/m/n/10 h\OML/nxlmi/m/it/10 a \LM
S/ntxsy/m/n/10 ^^L \OML/nxlmi/m/it/10 a[]; d\LMS/ntxsy/m/n/10 i\OML/nxlmi/m/it/
10 :
 []


Overfull \hbox (63.55983pt too wide) detected at line 2785
\LMS/ntxsy/m/n/10 j[]ą\OML/nxlmi/m/it/10 a[] \LMS/ntxsy/m/n/10 ^^H \OML/nxlmi/m
/it/10 a[]; d[]\LMS/ntxsy/m/n/10 ş ^^@ []ą\OT1/LinuxLibertineT-TLF/sb/n/10 0 \L
MS/ntxsy/m/n/10 ^^H \OML/nxlmi/m/it/10 a[]; d[]\LMS/ntxsy/m/n/10 şj \U/ntxmia/m
/it/10 = \LMS/ntxsy/m/n/10 j[]ą\OT1/LinuxLibertineT-TLF/sb/n/10 0\OML/nxlmi/m/i
t/10 ; d[]\LMS/ntxsy/m/n/10 ş ^^@ []ą\OML/nxlmi/m/it/10 a[]; d[]\LMS/ntxsy/m/n/
10 şj \U/ntxmia/m/it/10 = []\LMS/ntxsy/m/n/10 ą\OML/nxlmi/m/it/10 a[]; a[]\LMS/
ntxsy/m/n/10 ş \U/ntxmia/m/it/10 = \LMS/ntxsy/m/n/10 j\OML/nxlmi/m/it/10 a[]\LM
S/ntxsy/m/n/10 j[] \OML/nxlmi/m/it/10 > \OT1/LinuxLibertineT-TLF/m/n/10 0\OML/n
xlmi/m/it/10 :
 []


Class acmart Warning: \vspace should only be used to provide space above/below 
surrounding objects on input line 2791.


Overfull \hbox (6.43306pt too wide) in paragraph at lines 2798--2804
\T1/LinuxLibertineT-TLF/m/n/10 (-20) universal-quantifier di-rec-tion (the ``av
-er-ag-ing over $\LMS/ntxsy/m/n/10 8$\T1/LinuxLibertineT-TLF/m/n/10 (-20) -bran
ches''
 []


Overfull \hbox (56.12608pt too wide) detected at line 2820
[]
 []



[19.19]

Class acmart Warning: \vspace should only be used to provide space above/below 
surrounding objects on input line 2855.


Class acmart Warning: \vspace should only be used to provide space above/below 
surrounding objects on input line 2863.


Class acmart Warning: \vspace should only be used to provide space above/below 
surrounding objects on input line 2881.


Overfull \hbox (13.56421pt too wide) in paragraph at lines 2882--2887
[]\T1/LinuxLibertineT-TLF/b/n/10 (-20) Triangle in-equal-ity. $\LMS/ntxsy/m/n/1
0 j[]ą\OML/nxlmi/m/it/10 c; ^^[\LMS/ntxsy/m/n/10 ş ^^@ []ą\OML/nxlmi/m/it/10 c;
 ^^[[]\LMS/ntxsy/m/n/10 şj ^^T j[]ą\OML/nxlmi/m/it/10 c; ^^[\LMS/ntxsy/m/n/10 ş
 ^^@
 []


Class acmart Warning: \vspace should only be used to provide space above/below 
surrounding objects on input line 2888.

(./main.bbl

)

Class acmart Warning: Some images may lack descriptions.
(acmart)              ACM is committed to complying with the upcoming US ADA ht
tps://accessiblyapp.com/accessibility-compliance/ada/ and European Accessibilit
y Act (EAA) https://accessiblyapp.com/accessibility-compliance/eaa/ regulations
 by actively working to ensure our publications and application services are ac
cessible to individuals with disabilities, adhering to the WCAG guidelines to p
rovide a seamless experience for all users, and regularly reviewing our accessi
bility practices to maintain compliance with evolving standards. 
(acmart)              To this end, we strongly encourage our authors to provide
 alternative text and captions for images and multimedia content. It is also im
portant to optimize color contrast for the visually impaired. Taking these impo
rtant steps when creating your papers will ensure that the widest possible audi
ence can ingest your work..


Class acmart Warning: CCS concepts are mandatory for papers over two pages.




Package balance Warning: You have called \balance in second column
(balance)                Columns might not be balanced.

(/usr/local/texlive/2025basic/texmf-dist/tex/generic/stringenc/se-pdfdoc.def
File: se-pdfdoc.def 2019/11/29 v1.12 stringenc: PDFDocEncoding
)
(/usr/local/texlive/2025basic/texmf-dist/tex/generic/stringenc/se-utf8.def
File: se-utf8.def 2019/11/29 v1.12 stringenc: UTF-8
)
[20.20]

! LaTeX Error: \begin{proof} on input line 1248 ended by \end{document}.

See the LaTeX manual or LaTeX Companion for explanation.
Type  H <return>  for immediate help.
 ...                                              
                                                  
l.2897 \end{document}
                     
Your command was ignored.
Type  I <command> <return>  to replace it with another command,
or  <return>  to continue without it.

(./main.aux)
 ***********
LaTeX2e <2024-11-01> patch level 2
L3 programming layer <2025-01-18>
 ***********


LaTeX Font Warning: Some font shapes were not available, defaults substituted.


LaTeX Warning: There were undefined references.

Package rerunfilecheck Info: File `main.out' has not changed.
(rerunfilecheck)             Checksum: 6858B98DBA1E185A77CE615CEC491C43;14273.
 )
(\end occurred inside a group at level 1)

### semi simple group (level 1) entered at line 1248 (\begingroup)
### bottom level 
Here is how much of TeX's memory you used:
 25482 strings out of 474662
 418547 string characters out of 5751110
 925297 words of memory out of 5000000
 46569 multiletter control sequences out of 15000+600000
 878380 words of font info for 803 fonts, out of 8000000 for 9000
 480 hyphenation exceptions out of 8191
 90i,18n,131p,1001b,2384s stack positions out of 10000i,1000n,20000p,200000b,200000s
</usr/local/texlive/2025basic/texmf-dist/fonts/type1/public/inc
onsolata/Inconsolata-zi4b.pfb></usr/local/texlive/2025basic/texmf-dist/fonts/ty
pe1/public/inconsolata/Inconsolata-zi4r.pfb></usr/local/texlive/2025basic/texmf
-dist/fonts/type1/public/newtx/LibertineMathMI.pfb></usr/local/texlive/2025basi
c/texmf-dist/fonts/type1/public/newtx/LibertineMathMI5.pfb></usr/local/texlive/
2025basic/texmf-dist/fonts/type1/public/newtx/LibertineMathMI7.pfb></usr/local/
texlive/2025basic/texmf-dist/fonts/type1/public/newtx/LibertineMathRM.pfb></usr
/local/texlive/2025basic/texmf-dist/fonts/type1/public/libertine/LinBiolinumT.p
fb></usr/local/texlive/2025basic/texmf-dist/fonts/type1/public/libertine/LinLib
ertineT.pfb></usr/local/texlive/2025basic/texmf-dist/fonts/type1/public/liberti
ne/LinLibertineTB.pfb></usr/local/texlive/2025basic/texmf-dist/fonts/type1/publ
ic/libertine/LinLibertineTBI.pfb></usr/local/texlive/2025basic/texmf-dist/fonts
/type1/public/libertine/LinLibertineTI.pfb></usr/local/texlive/2025basic/texmf-
dist/fonts/type1/public/libertine/LinLibertineTZ.pfb></usr/local/texlive/2025ba
sic/texmf-dist/fonts/type1/public/newtx/NewTXMI.pfb></usr/local/texlive/2025bas
ic/texmf-dist/fonts/type1/public/newtx/txexs.pfb></usr/local/texlive/2025basic/
texmf-dist/fonts/type1/public/newtx/txmiaX.pfb></usr/local/texlive/2025basic/te
xmf-dist/fonts/type1/public/newtx/txsym.pfb></usr/local/texlive/2025basic/texmf
-dist/fonts/type1/public/newtx/txsys.pfb>
Output written on main.pdf (20 pages, 780041 bytes).
PDF statistics:
 956 PDF objects out of 1000 (max. 8388607)
 882 compressed objects within 9 object streams
 340 named destinations out of 1000 (max. 500000)
 198677 words of extra memory for PDF output out of 221844 (max. 10000000)

