{"log":
 [{"message":
   ".> LEAN_PATH=././.lake/packages/Cli/.lake/build/lib:././.lake/packages/batteries/.lake/build/lib:././.lake/packages/Qq/.lake/build/lib:././.lake/packages/aesop/.lake/build/lib:././.lake/packages/proofwidgets/.lake/build/lib:././.lake/packages/importGraph/.lake/build/lib:././.lake/packages/LeanSearchClient/.lake/build/lib:././.lake/packages/plausible/.lake/build/lib:././.lake/packages/mathlib/.lake/build/lib:././.lake/build/lib DYLD_LIBRARY_PATH= /Users/halleyyoung/.elan/toolchains/leanprover--lean4---v4.15.0/bin/lean -Dpp.unicode.fun=true -DautoImplicit=false -Dlinter.unusedVariables=false ././././IdeaTheory/Theorems10.lean -R ./././. -o ././.lake/build/lib/IdeaTheory/Theorems10.olean -i ././.lake/build/lib/IdeaTheory/Theorems10.ilean -c ././.lake/build/ir/IdeaTheory/Theorems10.c --json",
   "level": "trace"},
  {"message":
   "././././IdeaTheory/Theorems10.lean:340:0: automatically included section variable(s) unused in theorem 'IdeaTheory.insertAt_nil':\n  inst\nconsider restructuring your `variable` declarations so that the variables are not in scope or explicitly omit them:\n  omit inst in theorem ...\nnote: this linter can be disabled with `set_option linter.unusedSectionVars false`",
   "level": "warning"},
  {"message":
   "././././IdeaTheory/Theorems10.lean:345:0: automatically included section variable(s) unused in theorem 'IdeaTheory.insertAt_succ_cons':\n  inst\nconsider restructuring your `variable` declarations so that the variables are not in scope or explicitly omit them:\n  omit inst in theorem ...\nnote: this linter can be disabled with `set_option linter.unusedSectionVars false`",
   "level": "warning"},
  {"message":
   "././././IdeaTheory/Theorems10.lean:350:0: automatically included section variable(s) unused in theorem 'IdeaTheory.insertAt_zero_cons':\n  inst\nconsider restructuring your `variable` declarations so that the variables are not in scope or explicitly omit them:\n  omit inst in theorem ...\nnote: this linter can be disabled with `set_option linter.unusedSectionVars false`",
   "level": "warning"},
  {"message":
   "././././IdeaTheory/Theorems10.lean:404:0: automatically included section variable(s) unused in theorem 'IdeaTheory.delegate_assoc':\n  inst\nconsider restructuring your `variable` declarations so that the variables are not in scope or explicitly omit them:\n  omit inst in theorem ...\nnote: this linter can be disabled with `set_option linter.unusedSectionVars false`",
   "level": "warning"},
  {"message":
   "././././IdeaTheory/Theorems10.lean:411:0: automatically included section variable(s) unused in theorem 'IdeaTheory.delegate_nil_right':\n  inst\nconsider restructuring your `variable` declarations so that the variables are not in scope or explicitly omit them:\n  omit inst in theorem ...\nnote: this linter can be disabled with `set_option linter.unusedSectionVars false`",
   "level": "warning"},
  {"message":
   "././././IdeaTheory/Theorems10.lean:417:0: automatically included section variable(s) unused in theorem 'IdeaTheory.delegate_nil_left':\n  inst\nconsider restructuring your `variable` declarations so that the variables are not in scope or explicitly omit them:\n  omit inst in theorem ...\nnote: this linter can be disabled with `set_option linter.unusedSectionVars false`",
   "level": "warning"}],
 "depHash": "1905351409207997841"}